/System/Library/Frameworks/Python.framework/Versions/2.7/bin/python /Users/gleb/Documents/Projects/rg-graph/packages/PoleExtractor/calc_2_loops.py
Graph: e12|23|3|e|::
Reduced v-loop: {Edges: {2: 2, 3: 1, 5: 2}, Loops: 2, Conservation laws: ((2, 3, 5),)}
Feynman integrand:
((0.25)*(u2*u5)^(1))*((u2*u3+u3*u5+u2*u5)^(-3+eps))*DELTA[1-(u5+u3+u2)]
SD Sectors: 6
Non-symmetric SD Sectors: 3
Decomposed integrand:
{2 * ((2, (3, 5)), (3, (5,)))}->
((u3)^(-1+eps))*((u5))*((1+u3+u3*u5)^(1-eps*2))*((0.5)*(1+u5+u3*u5)^(-3+eps))
{2 * ((2, (3, 5)), (5, (3,)))}->
((u5)^(-1+eps))*((1+u5+u3*u5)^(1-eps*2))*((0.5)*(1+u3+u3*u5)^(-3+eps))
{2 * ((3, (2, 5)), (2, (5,)))}->
((u2)^(eps*1))*((1+u5+u2*u5)^(-3+eps))*((u5))*((0.5)*(1+u2+u2*u5)^(1-eps*2))
Sector: 2 * ((2, (3, 5)), (3, (5,)))
Expansion:
eps^(-1)[0.0625000+/-0.0000009] + eps^(0)[0.043067+/-0.000004] + eps^(1)[-0.150609+/-0.000006] + eps^(2)[0.178119+/-0.000014] + eps^(3)[-0.166296+/-0.000011] + eps^(4)[0.151562+/-0.000009] + O[eps]^5
Sector: 2 * ((2, (3, 5)), (5, (3,)))
Expansion:
eps^(-1)[0.18749998+/-0.00000033] + eps^(0)[0.138270+/-0.000011] + eps^(1)[-0.494049+/-0.000018] + eps^(2)[0.59586+/-0.00004] + eps^(3)[-0.55924+/-0.00004] + eps^(4)[0.507509+/-0.000032] + O[eps]^5
Sector: 2 * ((3, (2, 5)), (2, (5,)))
Expansion:
eps^(0)[0.0686633+/-0.0000015] + eps^(1)[-0.1025534+/-0.0000024] + eps^(2)[0.0892338+/-0.0000024] + eps^(3)[-0.0668079+/-0.0000021] + eps^(4)[0.0526322+/-0.0000018] + O[eps]^5
Result of numerical integration:
eps^(-1)[0.2500000+/-0.0000010] + eps^(0)[0.250000+/-0.000012] + eps^(1)[-0.747210+/-0.000019] + eps^(2)[0.86321+/-0.00004] + eps^(3)[-0.79234+/-0.00004] + eps^(4)[0.711702+/-0.000034] + O[eps]^5
Result multiplied by Gammas:
eps^(-2)[-0.5000000+/-0.0000019] + eps^(-1)[(-0.0+/-2.5)e-05] + eps^(0)[-1.09798+/-0.00005] + eps^(1)[-3.14379+/-0.00018] + eps^(2)[1.78866+/-0.00031] + O[eps]^3
Graph: e12|e3|33||::
Reduced v-loop: {Edges: {4: 3, 5: 1, 6: 1}, Loops: 2, Conservation laws: ((4, 5, 6),)}
Feynman integrand:
((0.125)*((u4)^(2))^(1))*((u5*u6+u4*u5+u4*u6)^(-3+eps))*DELTA[1-(u5+u6+u4)]
SD Sectors: 6
Non-symmetric SD Sectors: 3
Decomposed integrand:
{2 * ((4, (5, 6)), (5, (6,)))}->
((u5)^(-2+eps))*((1+u5+u5*u6)^(1-eps*2))*((0.25)*(1+u6+u5*u6)^(-3+eps))
{2 * ((5, (4, 6)), (4, (6,)))}->
((u4)^(eps*1))*((1+u4+u4*u6)^(1-eps*2))*((0.25)*(1+u6+u4*u6)^(-3+eps))
{2 * ((5, (4, 6)), (6, (4,)))}->
((u4)^(2))*((1+u4+u4*u6)^(-3+eps))*((u6)^(eps*1))*((0.25)*(1+u6+u4*u6)^(1-eps*2))
Sector: 2 * ((4, (5, 6)), (5, (6,)))
Expansion:
eps^(-1)[0.06249999+/-0.00000015] + eps^(0)[-0.349913+/-0.000008] + eps^(1)[-0.11272+/-0.00004] + eps^(2)[0.01309+/-0.00004] + eps^(3)[-0.30798+/-0.00004] + eps^(4)[0.058355+/-0.000031] + O[eps]^5
Sector: 2 * ((5, (4, 6)), (4, (6,)))
Expansion:
eps^(0)[0.1131832+/-0.0000025] + eps^(1)[-0.176737+/-0.000004] + eps^(2)[0.158797+/-0.000005] + eps^(3)[-0.120296+/-0.000004] + eps^(4)[0.0941761+/-0.0000035] + O[eps]^5
Sector: 2 * ((5, (4, 6)), (6, (4,)))
Expansion:
eps^(0)[0.0179801+/-0.0000004] + eps^(1)[-0.0262357+/-0.0000006] + eps^(2)[0.0223965+/-0.0000006] + eps^(3)[-0.0165978+/-0.0000005] + eps^(4)[0.0130658+/-0.0000004] + O[eps]^5
Result of numerical integration:
eps^(-1)[0.06249999+/-0.00000015] + eps^(0)[-0.218750+/-0.000008] + eps^(1)[-0.31569+/-0.00004] + eps^(2)[0.19429+/-0.00004] + eps^(3)[-0.44487+/-0.00004] + eps^(4)[0.165597+/-0.000031] + O[eps]^5
Result multiplied by Gammas:
eps^(-2)[-0.12499998+/-0.00000030] + eps^(-1)[0.562500+/-0.000016] + eps^(0)[-0.57922+/-0.00008] + eps^(1)[2.47827+/-0.00015] + eps^(2)[-1.0737+/-0.0005] + O[eps]^3
Graph: e12|34|34|e|e|::
Reduced v-loop: {Edges: {2: 2, 5: 2, 6: 2}, Loops: 2, Conservation laws: ((2, 5, 6),)}
Feynman integrand:
((0.25)*(u2*u5*u6)^(1))*((u2*u6+u5*u6+u2*u5)^(-3+eps))*DELTA[1-(u5+u6+u2)]
SD Sectors: 6
Non-symmetric SD Sectors: 1
Decomposed integrand:
{6 * ((2, (5, 6)), (5, (6,)))}->
((1+u5+u5*u6)^(-eps*2))*((u5)^(eps*1))*((u6))*((1.5)*(1+u6+u5*u6)^(-3+eps))
Sector: 6 * ((2, (5, 6)), (5, (6,)))
Expansion:
eps^(0)[0.125000+/-0.000004] + eps^(1)[-0.203151+/-0.000006] + eps^(2)[0.197749+/-0.000007] + eps^(3)[-0.167351+/-0.000006] + eps^(4)[0.145023+/-0.000005] + O[eps]^5
Result of numerical integration:
eps^(0)[0.125000+/-0.000004] + eps^(1)[-0.203151+/-0.000006] + eps^(2)[0.197749+/-0.000007] + eps^(3)[-0.167351+/-0.000006] + eps^(4)[0.145023+/-0.000005] + O[eps]^5
Result multiplied by Gammas:
eps^(-1)[0.250000+/-0.000007] + eps^(0)[-1.156302+/-0.000026] + eps^(1)[3.66060+/-0.00007] + eps^(2)[-9.52383+/-0.00018] + eps^(3)[22.2693+/-0.0004] + O[eps]^4
Graph: e12|e3|34|4|e|::
Reduced v-loop: {Edges: {4: 3, 5: 1, 7: 2}, Loops: 2, Conservation laws: ((4, 5, 7),)}
Feynman integrand:
((0.125)*((u4)^(2)*u7)^(1))*((u5*u7+u4*u7+u4*u5)^(-3+eps))*DELTA[1-(u5+u4+u7)]
SD Sectors: 6
Non-symmetric SD Sectors: 6
Decomposed integrand:
{1 * ((4, (5, 7)), (5, (7,)))}->
((1+u5*u7+u7)^(-3+eps))*((u5)^(-1+eps))*((u7))*((0.125)*(1+u5*u7+u5)^(-eps*2))
{1 * ((4, (5, 7)), (7, (5,)))}->
((u5*u7+u5+1)^(-3+eps))*((u7)^(-1+eps))*((0.125)*(u5*u7+1+u7)^(-eps*2))
{1 * ((5, (4, 7)), (4, (7,)))}->
((1+u4*u7+u4)^(-eps*2))*((u4)^(1+eps))*((u7))*((0.125)*(1+u4*u7+u7)^(-3+eps))
{1 * ((5, (4, 7)), (7, (4,)))}->
((1+u4*u7+u4)^(-3+eps))*((u4)^(2))*((u7)^(1+eps))*((0.125)*(1+u4*u7+u7)^(-eps*2))
{1 * ((7, (4, 5)), (4, (5,)))}->
((1+u4+u4*u5)^(-eps*2))*((1+u5+u4*u5)^(-3+eps))*((0.125)*(u4)^(eps*1))
{1 * ((7, (4, 5)), (5, (4,)))}->
((u5)^(eps*1))*((1+u5+u4*u5)^(-eps*2))*((1+u4+u4*u5)^(-3+eps))*((0.125)*(u4)^(2))
Sector: 1 * ((4, (5, 7)), (5, (7,)))
Expansion:
eps^(-1)[0.01562501+/-0.00000022] + eps^(0)[-0.0049725+/-0.0000007] + eps^(1)[-0.0122264+/-0.0000027] + eps^(2)[0.0198725+/-0.0000024] + eps^(3)[-0.0207250+/-0.0000016] + eps^(4)[0.0198055+/-0.0000013] + O[eps]^5
Sector: 1 * ((4, (5, 7)), (7, (5,)))
Expansion:
eps^(-1)[0.04687499+/-0.00000008] + eps^(0)[-0.0116075+/-0.0000013] + eps^(1)[-0.046504+/-0.000007] + eps^(2)[0.072971+/-0.000006] + eps^(3)[-0.075533+/-0.000005] + eps^(4)[0.071651+/-0.000004] + O[eps]^5
Sector: 1 * ((5, (4, 7)), (4, (7,)))
Expansion:
eps^(0)[0.00450824+/-0.00000013] + eps^(1)[-0.00586976+/-0.00000017] + eps^(2)[0.00396345+/-0.00000012] + eps^(3)[-0.00188898+/-0.00000006] + eps^(4)[0.000740030+/-0.000000030] + O[eps]^5
Sector: 1 * ((5, (4, 7)), (7, (4,)))
Expansion:
eps^(0)[0.00224092+/-0.00000007] + eps^(1)[-0.00283932+/-0.00000008] + eps^(2)[0.00186596+/-0.00000005] + eps^(3)[-0.000867090+/-0.000000020] + eps^(4)[0.000332780+/-0.000000010] + O[eps]^5
Sector: 1 * ((7, (4, 5)), (4, (5,)))
Expansion:
eps^(0)[0.0357582+/-0.0000011] + eps^(1)[-0.0600787+/-0.0000020] + eps^(2)[0.0595146+/-0.0000023] + eps^(3)[-0.0503308+/-0.0000020] + eps^(4)[0.0431412+/-0.0000017] + O[eps]^5
Sector: 1 * ((7, (4, 5)), (5, (4,)))
Expansion:
eps^(0)[0.00532255+/-0.00000015] + eps^(1)[-0.00849640+/-0.00000024] + eps^(2)[0.00817805+/-0.00000025] + eps^(3)[-0.00690299+/-0.00000023] + eps^(4)[0.00599971+/-0.00000020] + O[eps]^5
Result of numerical integration:
eps^(-1)[0.06250000+/-0.00000023] + eps^(0)[0.0312500+/-0.0000019] + eps^(1)[-0.136015+/-0.000008] + eps^(2)[0.166366+/-0.000007] + eps^(3)[-0.156248+/-0.000006] + eps^(4)[0.141670+/-0.000005] + O[eps]^5
Result multiplied by Gammas:
eps^(-2)[0.1250000+/-0.0000005] + eps^(-1)[-0.312500+/-0.000004] + eps^(0)[0.563571+/-0.000020] + eps^(1)[-0.67819+/-0.00006] + eps^(2)[0.36190+/-0.00016] + O[eps]^3
Graph: e12|e3|e4|44||::
Reduced v-loop: {Edges: {8: 1, 6: 4, 7: 1}, Loops: 2, Conservation laws: ((6, 7, 8),)}
Feynman integrand:
((0.0416666666667)*((u6)^(3))^(1))*((u6*u7+u8*u6+u8*u7)^(-3+eps))*DELTA[1-(u8+u6+u7)]
SD Sectors: 6
Non-symmetric SD Sectors: 3
Decomposed integrand:
{2 * ((8, (6, 7)), (6, (7,)))}->
((1+u6*u7+u7)^(-3+eps))*((u6)^(1+eps))*((0.0833333333333)*(1+u6*u7+u6)^(-eps*2))
{2 * ((8, (6, 7)), (7, (6,)))}->
((1+u6*u7+u7)^(-eps*2))*((u6)^(3))*((u7)^(1+eps))*((0.0833333333333)*(1+u6*u7+u6)^(-3+eps))
{2 * ((6, (8, 7)), (8, (7,)))}->
((1+u7+u8*u7)^(-3+eps))*((u8+1+u8*u7)^(-eps*2))*((0.0833333333333)*(u8)^(-2+eps))
Sector: 2 * ((8, (6, 7)), (6, (7,)))
Expansion:
eps^(0)[0.01088340+/-0.00000032] + eps^(1)[-0.0149466+/-0.0000004] + eps^(2)[0.01061355+/-0.00000033] + eps^(3)[-0.00528542+/-0.00000018] + eps^(4)[0.00213795+/-0.00000009] + O[eps]^5
Sector: 2 * ((8, (6, 7)), (7, (6,)))
Expansion:
eps^(0)[0.000951070+/-0.000000030] + eps^(1)[-0.001188070+/-0.000000030] + eps^(2)[0.000769510+/-0.000000020] + eps^(3)[-0.000352530+/-0.000000010] + eps^(4)[0.00013362+/-0] + O[eps]^5
Sector: 2 * ((6, (8, 7)), (8, (7,)))
Expansion:
eps^(-1)[-0.02083334+/-0.00000030] + eps^(0)[-0.105584+/-0.000004] + eps^(1)[0.001581+/-0.000015] + eps^(2)[-0.057532+/-0.000011] + eps^(3)[-0.038489+/-0.000013] + eps^(4)[-0.041519+/-0.000010] + O[eps]^5
Result of numerical integration:
eps^(-1)[-0.02083334+/-0.00000030] + eps^(0)[-0.093750+/-0.000004] + eps^(1)[-0.014553+/-0.000015] + eps^(2)[-0.046149+/-0.000011] + eps^(3)[-0.044127+/-0.000013] + eps^(4)[-0.039247+/-0.000010] + O[eps]^5
Result multiplied by Gammas:
eps^(-2)[-0.0416667+/-0.0000006] + eps^(-1)[-0.062500+/-0.000009] + eps^(0)[0.19236+/-0.00004] + eps^(1)[-0.76011+/-0.00012] + eps^(2)[1.76880+/-0.00031] + O[eps]^3
Graph: e12|23|3|e|::
Reduced v-loop: {Edges: {1: 1, 2: 1, 3: 1, 4: 1, 5: 1, 7: 1}, Loops: 2, Conservation laws: ((2, 3, 5), (4, 5, 7), (2, 3, 4, 7), (1, 2, 7), (1, 3, 5, 7), (1, 3, 4), (1, 2, 4, 5)), Ext momenta edge: 7}
Feynman integrand:
((0.25)*(1)^(1))*((u3*u5+u2*u5+u1*u3+u2*u4+u3*u4+u1*u5+u2*u3+u1*u4)^(-4+eps))*((u3*u4*u5+u1*u3*u5+u2*u4*u5+u1*u2*u5+u1*u2*u4+u1*u4*u5+u2*u3*u4+u1*u2*u3))*DELTA[1-(u5+u3+u4+u1+u2)]
SD Sectors: 16
Non-symmetric SD Sectors: 4
Decomposed integrand:
{4 * ((1, (2, 3, 4, 5)), (3, (4, 5)))}->
((u3)^(-1+eps))*((u3*u4*u5+u3*u5+u2*u5+u2*u4+u2+u2*u3*u4+(u3)^(2)*u4*u5+u2*u3*u4*u5))*((1+u3*u5+u2*u5+u2*u4+u3*u4+u2+u5+u4)^(-4+eps))*((1+u3+u3*u5+u2+u3*u4)^(-eps*2))
{4 * ((1, (2, 3, 4, 5)), (4, (3, 5)))}->
((u4)^(-1+eps))*((1+u2*u5+u3*u4+u3+u2+u3*u4*u5+u2*u3+u5)^(-4+eps))*((1+u4+u4*u5+u2+u3*u4)^(-eps*2))*((u3*u4*u5+u2*u4*u5+u2*u5+u2+u2*u3*u4+u2*u3+u3*(u4)^(2)*u5+u4*u5))
{4 * ((1, (2, 3, 4, 5)), (5, (3, 4)))}->
((u3*u4*(u5)^(2)+u3*u5+u2*u4+u2*u3*u4*u5+u2*u4*u5+u2+u2*u3+u4*u5))*((u5)^(-1+eps))*((1+u5+u3*u5+u4*u5+u2)^(-eps*2))*((u3*u4*u5+1+u3*u5+u2*u4+u3+u2+u2*u3+u4)^(-4+eps))
{4 * ((3, (1, 2, 4, 5)), (1, (2, 4, 5)))}->
((1+u1*u4+u1*u2+u1+u1*u5)^(-eps*2))*((1+u1*u2*u5+u1*u2*u4+u2+u1*u5+u1*u4+u5+u4)^(-4+eps))*((u1*u2*u4*u5+u1*u2*u5+u1*u2*u4+u2*u4+u2+u1*u4*u5+u4*u5+u5))*((u1)^(1+eps))
Sector: 4 * ((1, (2, 3, 4, 5)), (3, (4, 5)))
Expansion:
eps^(-1)[0.0138889+/-0.0000004] + eps^(0)[0.0009123+/-0.0000030] + eps^(1)[-0.020530+/-0.000004] + eps^(2)[0.028251+/-0.000005] + eps^(3)[-0.028340+/-0.000005] + eps^(4)[0.026756+/-0.000005] + O[eps]^5
Sector: 4 * ((1, (2, 3, 4, 5)), (4, (3, 5)))
Expansion:
eps^(-1)[0.0138889+/-0.0000004] + eps^(0)[0.0076817+/-0.0000034] + eps^(1)[-0.032943+/-0.000005] + eps^(2)[0.040980+/-0.000007] + eps^(3)[-0.038944+/-0.000006] + eps^(4)[0.035488+/-0.000006] + O[eps]^5
Sector: 4 * ((1, (2, 3, 4, 5)), (5, (3, 4)))
Expansion:
eps^(-1)[0.0138889+/-0.0000004] + eps^(0)[0.0104913+/-0.0000031] + eps^(1)[-0.037677+/-0.000005] + eps^(2)[0.045752+/-0.000007] + eps^(3)[-0.043094+/-0.000006] + eps^(4)[0.039143+/-0.000005] + O[eps]^5
Sector: 4 * ((3, (1, 2, 4, 5)), (1, (2, 4, 5)))
Expansion:
eps^(0)[0.0086924+/-0.0000005] + eps^(1)[-0.0108120+/-0.0000007] + eps^(2)[0.0069140+/-0.0000005] + eps^(3)[-0.00308514+/-0.00000023] + eps^(4)[0.00111696+/-0.00000009] + O[eps]^5
Result of numerical integration:
eps^(-1)[0.0416667+/-0.0000006] + eps^(0)[0.027778+/-0.000005] + eps^(1)[-0.101963+/-0.000008] + eps^(2)[0.121897+/-0.000011] + eps^(3)[-0.113463+/-0.000010] + eps^(4)[0.102504+/-0.000009] + O[eps]^5
Result multiplied by Gammas:
eps^(-2)[-0.0833334+/-0.0000013] + eps^(-1)[0.194445+/-0.000012] + eps^(0)[-0.31147+/-0.00004] + eps^(1)[0.24876+/-0.00011] + eps^(2)[0.28784+/-0.00026] + O[eps]^3
Graph: e12|e3|33||::
Reduced v-loop: {Edges: {1: 1, 4: 2, 5: 1, 6: 1, 7: 1}, Loops: 2, Conservation laws: ((1, 4, 7), (1, 5, 6, 7), (4, 5, 6)), Ext momenta edge: 7}
Feynman integrand:
((0.25)*(u4)^(1))*((u1*u5+u5*u6+u4*u5+u4*u6+u1*u6)^(-4+eps))*((u1*u5*u6+u1*u4*u5+u1*u4*u6))*DELTA[1-(u5+u6+u4+u1)]
SD Sectors: 10
Non-symmetric SD Sectors: 5
Decomposed integrand:
{2 * ((1, (4, 5, 6)), (5, (6,)))}->
((u4))*((u5)^(-2+eps))*((1+u5+u5*u6+u4)^(-eps*2))*((1+u6+u5*u6+u4+u4*u6)^(-4+eps))*((0.5)*(u5*u6+u4+u4*u6)^(1))
{2 * ((4, (1, 5, 6)), (5, (6,)))}->
((u1))*((1+u5+u5*u6+u1)^(-eps*2))*((u5)^(-2+eps))*((1+u6+u5*u6+u1+u1*u6)^(-4+eps))*((0.5)*(1+u6+u5*u6)^(1))
{2 * ((5, (1, 4, 6)), (1, (4, 6)))}->
((u1)^(1+eps))*((u4))*((u6+u1*u4*u6+u4))*((1+u6+u1*u4*u6+u4+u1*u6)^(-4+eps))*((0.5)*(1+u1*u4+u1+u1*u6)^(-eps*2))
{2 * ((5, (1, 4, 6)), (4, (1, 6)))}->
((u1))*((1+u1*u4+u4+u4*u6)^(-eps*2))*((u4)^(1+eps))*((1+u6+u1*u4*u6+u1+u4*u6)^(-4+eps))*((0.5)*(1+u6+u4*u6)^(1))
{2 * ((5, (1, 4, 6)), (6, (1, 4)))}->
((1+u6+u4*u6+u1*u6)^(-eps*2))*((u1))*((u4))*((1+u4+u1+u4*u6+u1*u6)^(-4+eps))*((1+u4+u4*u6))*((0.5)*(u6)^(1+eps))
Sector: 2 * ((1, (4, 5, 6)), (5, (6,)))
Expansion:
eps^(-1)[-0.0008681+/-0.0000004] + eps^(0)[-0.0199670+/-0.0000012] + eps^(1)[0.001930+/-0.000004] + eps^(2)[-0.008414+/-0.000004] + eps^(3)[-0.0078764+/-0.0000031] + eps^(4)[-0.0041660+/-0.0000029] + O[eps]^5
Sector: 2 * ((4, (1, 5, 6)), (5, (6,)))
Expansion:
eps^(-1)[-0.00607639+/-0.00000012] + eps^(0)[-0.0402254+/-0.0000012] + eps^(1)[0.004294+/-0.000007] + eps^(2)[-0.021418+/-0.000008] + eps^(3)[-0.013264+/-0.000006] + eps^(4)[-0.013479+/-0.000006] + O[eps]^5
Sector: 2 * ((5, (1, 4, 6)), (1, (4, 6)))
Expansion:
eps^(0)[0.00416452+/-0.00000018] + eps^(1)[-0.00552016+/-0.00000025] + eps^(2)[0.00373717+/-0.00000019] + eps^(3)[-0.00174392+/-0.00000010] + eps^(4)[0.00064596+/-0.00000004] + O[eps]^5
Sector: 2 * ((5, (1, 4, 6)), (4, (1, 6)))
Expansion:
eps^(0)[0.00684991+/-0.00000029] + eps^(1)[-0.0091332+/-0.0000004] + eps^(2)[0.00622603+/-0.00000029] + eps^(3)[-0.00292988+/-0.00000016] + eps^(4)[0.00109671+/-0.00000007] + O[eps]^5
Sector: 2 * ((5, (1, 4, 6)), (6, (1, 4)))
Expansion:
eps^(0)[0.00172420+/-0.00000008] + eps^(1)[-0.00211138+/-0.00000010] + eps^(2)[0.00133739+/-0.00000006] + eps^(3)[-0.000597710+/-0.000000030] + eps^(4)[0.000220670+/-0.000000010] + O[eps]^5
Result of numerical integration:
eps^(-1)[-0.0069445+/-0.0000005] + eps^(0)[-0.0474537+/-0.0000017] + eps^(1)[-0.010540+/-0.000008] + eps^(2)[-0.018532+/-0.000009] + eps^(3)[-0.026412+/-0.000007] + eps^(4)[-0.015681+/-0.000007] + O[eps]^5
Result multiplied by Gammas:
eps^(-2)[0.0138889+/-0.0000009] + eps^(-1)[0.053241+/-0.000004] + eps^(0)[-0.149964+/-0.000021] + eps^(1)[0.49078+/-0.00006] + eps^(2)[-1.09825+/-0.00016] + O[eps]^3
Graph: e12|23|3|e|::
Non-overlapping subgraph groupings:
[(e12|e2|e|::,), (e12|e2|e|::,)]
Tau-counterterms:
[(-1, [(e12|e2|e|::), e11|e|::]), (-1, [(e12|e2|e|::), e11|e|::])]
Tau-counterterms calculated:
eps^(-2)[1.000000000+/-0.000000016] + eps^(-1)[-0.500000000+/-0.000000010] + eps^(0)[1.644934100+/-0.000000024] + eps^(1)[-0.822467030+/-0.000000014] + eps^(2)[1.894065700+/-0.000000028] + eps^(3)[-0.947032830+/-0.000000015] + eps^(4)[1.971102200+/-0.000000029] + eps^(5)[-0.985551090+/-0.000000016] + eps^(6)[1.992466000+/-0.000000029] + eps^(7)[-0.996233000+/-0.000000016] + O[eps]^8
R' tau-part:
eps^(-2)[0.5000000+/-0.0000019] + eps^(-1)[-0.500000+/-0.000025] + eps^(0)[0.54695+/-0.00005] + eps^(1)[-3.96626+/-0.00018] + eps^(2)[3.68273+/-0.00031] + O[eps]^3
p^2-counterterms:
[(-1, [(e12|e2|e|::), {d/dp^2}e11|e|::]), (-1, [(e12|e2|e|::), {d/dp^2}e11|e|::])]
p^2-counterterms calculated:
eps^(-2)[0.166666670+/-0.000000007] + eps^(-1)[-0.250000000+/-0.000000008] + eps^(0)[0.357489010+/-0.000000009] + eps^(1)[-0.411233520+/-0.000000009] + eps^(2)[0.452755450+/-0.000000010] + eps^(3)[-0.473516410+/-0.000000010] + eps^(4)[0.486355840+/-0.000000010] + eps^(5)[-0.492775550+/-0.000000010] + eps^(6)[0.496336180+/-0.000000010] + eps^(7)[-0.498116500+/-0.000000010] + O[eps]^8
R' p^2-part:
eps^(-2)[0.0833333+/-0.0000013] + eps^(-1)[-0.055555+/-0.000012] + eps^(0)[0.04601+/-0.00004] + eps^(1)[-0.16247+/-0.00011] + eps^(2)[0.74060+/-0.00026] + O[eps]^3

Graph: e12|e3|33||::
Non-overlapping subgraph groupings:
[(e11|e|::,)]
Tau-counterterms:
[(-1, [(e11|e|::), e12|e2|e|::]), (1, [({d/dp^2}e11|e|::), e12|e2|e|::]), (-1, [({d/dp^2}e11|e|::), e11|e|::])]
Tau-counterterms calculated:
eps^(-2)[0.249999995+/-0.000000016] + eps^(-1)[-0.541666663+/-0.000000016] + eps^(0)[0.619566833+/-0.000000025] + eps^(1)[-0.891005988+/-0.000000022] + eps^(2)[0.816210956+/-0.000000029] + eps^(3)[-1.025952187+/-0.000000024] + eps^(4)[0.887372539+/-0.000000030] + eps^(5)[-1.067680310+/-0.000000025] + eps^(6)[0.908762738+/-0.000000031] + eps^(7)[-1.079252408+/-0.000000026] + O[eps]^8
R' tau-part:
eps^(-2)[0.12500002+/-0.00000030] + eps^(-1)[0.020833+/-0.000016] + eps^(0)[0.04035+/-0.00008] + eps^(1)[1.58726+/-0.00015] + eps^(2)[-0.2574+/-0.0005] + O[eps]^3
p^2-counterterms:
[(-1, [(e11|e|::), {d/dp^2}e12|e2||::]), (1, [({d/dp^2}e11|e|::), {d/dp^2}e12|e2||::]), (-1, [({d/dp^2}e11|e|::), {d/dp^2}e11|e|::])]
p^2-counterterms calculated:
eps^(-2)[-0.0277777789+/-0.0000000024] + eps^(-1)[-0.027777777+/-0.000000011] + eps^(0)[0.044585163+/-0.000000011] + eps^(1)[-0.080414833+/-0.000000011] + eps^(2)[0.095888055+/-0.000000012] + eps^(3)[-0.109728700+/-0.000000012] + eps^(4)[0.116239197+/-0.000000012] + eps^(5)[-0.120519004+/-0.000000012] + eps^(6)[0.122600445+/-0.000000012] + eps^(7)[-0.123787324+/-0.000000012] + O[eps]^8
R' p^2-part:
eps^(-2)[-0.0138889+/-0.0000009] + eps^(-1)[0.025463+/-0.000004] + eps^(0)[-0.105379+/-0.000021] + eps^(1)[0.41037+/-0.00006] + eps^(2)[-1.00237+/-0.00016] + O[eps]^3


Graph: e12|e3|34|4|e|::
Non-overlapping subgraph groupings:
[(e12|e2|e|::,)]
Tau-counterterms:
[(-1, [(e12|e2|e|::), e12|e2|e|::])]
Tau-counterterms calculated:
eps^(-2)[-0.250000000+/-0.000000007] + eps^(-1)[0.375000000+/-0.000000009] + eps^(0)[-0.536233515+/-0.000000012] + eps^(1)[0.616850300+/-0.000000013] + eps^(2)[-0.679133150+/-0.000000014] + eps^(3)[0.710274600+/-0.000000015] + eps^(4)[-0.729533750+/-0.000000015] + eps^(5)[0.739163300+/-0.000000016] + eps^(6)[-0.744504250+/-0.000000016] + eps^(7)[0.747174750+/-0.000000016] + O[eps]^8
R' tau-part:
eps^(-2)[-0.1250000+/-0.0000005] + eps^(-1)[0.062500+/-0.000004] + eps^(0)[0.027337+/-0.000020] + eps^(1)[-0.06134+/-0.00006] + eps^(2)[-0.31723+/-0.00016] + O[eps]^3

Graph: e12|e3|e4|44||::
Non-overlapping subgraph groupings:
[(e11|e|::,)]
Tau-counterterms:
[(-1, [(e11|e|::), e12|e3|e3|e|::]), (1, [({d/dp^2}e11|e|::), e12|e3|e3|e|::]), (-1, [({d/dp^2}e11|e|::), e12|e2|e|::])]
Tau-counterterms calculated:
eps^(-2)[0.083333335+/-0.000000005] + eps^(-1)[0.013888889+/-0.000000013] + eps^(0)[-0.029588824+/-0.000000015] + eps^(1)[0.092290736+/-0.000000017] + eps^(2)[-0.116316877+/-0.000000018] + eps^(3)[0.140538002+/-0.000000019] + eps^(4)[-0.151419085+/-0.000000019] + O[eps]^5
R' tau-part:
eps^(-2)[0.0416667+/-0.0000006] + eps^(-1)[-0.048611+/-0.000009] + eps^(0)[0.16277+/-0.00004] + eps^(1)[-0.66782+/-0.00012] + eps^(2)[1.65248+/-0.00031] + O[eps]^3


Process finished with exit code 0
