{
"e123-e23-33--": 	(0.00078004169244061394, 2.2918137116097201e-07), 	# 0.108037287856, 	1/4 	 err_rel: 2.938e-04
"e112-e3-e44-e44--": 	(-0.057080981164568834, 1.03771417931058e-06), 	# 0.576143636985, 	3/2 	 err_rel: 1.818e-05
"e112-34-e34-e4-e-": 	(-0.079881981492678, 6.9641514468945697e-07), 	# 0.320803195455, 	6 	 err_rel: 8.718e-06
"e112-e2-34-e44-e-": 	(-0.04782863372513424, 4.2569454437861246e-09), 	# 0.610433463541, 	3/4 	 err_rel: 8.900e-08
"ee12-e33-e33--": 	(0.096438822233720023, 3.30115013555303e-07), 	# 0.659043652049, 	3/2 	 err_rel: 3.423e-06
"ee11-22-ee-": 	(-1.0, 1.4142135623730951e-15), 	# 1.0, 	3/4 	 err_rel: 1.414e-15
"ee12-233-44-e4-e-": 	(0.0043774292213901722, 5.02929497223263e-07), 	# 0.459172040137, 	3/2 	 err_rel: 1.149e-04
"ee12-234-34-e4-e-": 	(-0.088062133663705966, 4.1426824216096299e-07), 	# 0.312623043284, 	3 	 err_rel: 4.704e-06
"ee11-23-ee4-444--": 	(-0.0126139626550969, 2.5499177080592601e-07), 	# 0.0126139626551, 	1/2 	 err_rel: 2.022e-05
"e112-22-e-": 	(-0.071873130536050989, 1.04628676930452e-07), 	# 0.157398369566, 	1/4 	 err_rel: 1.456e-06
"e111-e-": 	(0.114635750051109, 5.8786334881157099e-09), 	# 0.114635750051, 	1/6 	 err_rel: 5.128e-08
"ee11-ee-": 	(1.0, 1.0000000000000001e-15), 	# 1.0, 	3/2 	 err_rel: 1.000e-15
"e123-e24-34-e4-e-": 	(0.262808349383227, 6.2484816799116403e-07), 	# 0.262808349383, 	3 	 err_rel: 2.378e-06
"ee11-22-33-44-ee-": 	(-1.0, 2.0000000000000002e-15), 	# 1.0, 	3/16 	 err_rel: 2.000e-15
"ee12-334-344-e-e-": 	(-0.0054777412934238212, 6.0927324830245596e-07), 	# 0.449316869622, 	3/2 	 err_rel: 1.112e-04
"ee12-e33-344-4-e-": 	(-0.0067133821597952226, 6.3186094327590301e-07), 	# 0.48868536382, 	3 	 err_rel: 9.412e-05
"ee11-22-33-ee-": 	(1.0, 1.7320508075688773e-15), 	# 1.0, 	3/8 	 err_rel: 1.732e-15
"ee12-334-334--ee-": 	(-0.0075478655890401924, 6.5128135697430795e-07), 	# 0.487130178081, 	3/8 	 err_rel: 8.629e-05
"ee11-23-e33-e-": 	(0.21869758509214099, 3.8526887067121098e-09), 	# 0.781302414908, 	3/2 	 err_rel: 1.762e-08
"e112-e3-333--": 	(1.45772451396234e-05, 2.9065974333616202e-07), 	# 1.45772451396e-05, 	1/12 	 err_rel: 1.994e-02
"e112-33-e33--": 	(0.048112059809016977, 2.6151638126020199e-07), 	# 0.176399918354, 	1/8 	 err_rel: 5.436e-06
"e123-e23-e3-e-": 	(0.40068517694778499, 5.9008304875997796e-07), 	# 0.400685176948, 	1 	 err_rel: 1.473e-06
"ee12-e34-e34-44--": 	(0.0037549271378754523, 6.1558243516192899e-07), 	# 0.409356046239, 	3/2 	 err_rel: 1.639e-04
"ee12-e34-334-4-e-": 	(-0.022391934361962129, 5.0366202238190304e-07), 	# 0.383792034682, 	6 	 err_rel: 2.249e-05
"ee11-22-34-e44-e-": 	(-0.21869758509214088, 3.8526887067121892e-09), 	# 0.781302414908, 	3/4 	 err_rel: 1.762e-08
"ee11-23-e34-44-e-": 	(-0.0072240452978319381, 2.8366175077607698e-07), 	# 0.569828875114, 	3 	 err_rel: 3.927e-05
"ee12-e33-444-e4--": 	(-0.0070587298359157296, 9.3810647649525101e-07), 	# 0.00555523281918, 	1 	 err_rel: 1.329e-04
"ee12-223-3-ee-": 	(0.088295369785344024, 3.1372305368769e-07), 	# 0.650900199601, 	3/4 	 err_rel: 3.553e-06
"ee11-23-334-4-ee-": 	(-0.088295369785344024, 3.1372305368769e-07), 	# 0.650900199601, 	3/4 	 err_rel: 3.553e-06
"ee12-233-34-4-ee-": 	(-0.005853003814122959, 6.2021606014617505e-07), 	# 0.44079770129, 	3/2 	 err_rel: 1.060e-04
"e112-e3-e34-44-e-": 	(-0.0067154110435101444, 7.7969346860323796e-07), 	# 0.488683788299, 	6 	 err_rel: 1.161e-04
"ee12-e22-e-": 	(-0.21869758509214099, 3.8526887067120304e-09), 	# 0.781302414908, 	3 	 err_rel: 1.762e-08
"ee12-e23-34-44-e-": 	(0.0013624453932918335, 5.3423018929637602e-07), 	# 0.407546414438, 	6 	 err_rel: 3.921e-04
"e112-e3-e33-e-": 	(0.096439275595886942, 4.00592278165429e-07), 	# 0.659044105412, 	3/2 	 err_rel: 4.154e-06
"ee12-e23-33-e-": 	(0.0072240452978319381, 2.8366175077607698e-07), 	# 0.569828875114, 	6 	 err_rel: 3.927e-05
"ee12-e23-e4-444--": 	(0.00037650837296920002, 1.24975169770741e-06), 	# 0.0129904710281, 	1 	 err_rel: 3.319e-03
"ee12-e23-44-e44--": 	(0.0043770141779250205, 6.2371731422693302e-07), 	# 0.459171171731, 	3 	 err_rel: 1.425e-04
"ee12-ee3-333--": 	(0.0126139626550969, 2.5499177080592601e-07), 	# 0.0126139626551, 	1/2 	 err_rel: 2.022e-05
"ee11-23-e44-e44--": 	(-0.096438822233720023, 3.30115013555303e-07), 	# 0.659043652049, 	3/4 	 err_rel: 3.423e-06
"ee12-e33-e44-44--": 	(-0.057079857802756151, 9.996772148681e-07), 	# 0.576143853622, 	3/4 	 err_rel: 1.751e-05
"e112-23-33-e-": 	(0.022551001954259617, 2.6115183451291499e-07), 	# 0.172570867633, 	1/4 	 err_rel: 1.158e-05
"ee12-223-4-e44-e-": 	(-0.034011188523174196, 6.50050797470162e-07), 	# 0.542459335307, 	3/2 	 err_rel: 1.911e-05
"ee12-ee3-344-44--": 	(-0.0031915338260170983, 1.16873009433368e-06), 	# 0.0220363914842, 	3/4 	 err_rel: 3.662e-04
}
