{
"e112|34|355|45|e5||":	(0.0008136257887564523, 4.9453758136182139e-07),
"ee12|e33|344|5|55|e|":	(-0.00068256067974847845, 6.8330887301000853e-07),
"e123|e24|e5|e45|55||":	(-0.017108372121680288, 3.0391761196583927e-06),
"ee11|23|344|45|5|ee|":	(0.0058544861438136198, 4.4066800000000223e-09),
"e123|e23|33||":	(0.00078011979713760865, 1.08024e-09),
"e123|e24|55|445|5||":	(-0.00045641815062349989, 4.4020396988668784e-07),
"e112|23|e4|444||":	(-8.4917889594311301e-05, 1.1417616e-07),
"ee12|234|35|ee|555||":	(-0.00046380448348000251, 2.7734399999999999e-09),
"ee12|334|345|e|55|e|":	(-1.0211670762205749e-05, 6.5038796152878965e-07),
"ee12|e34|555|e44|5||":	(0.00064123235741689755, 3.3610560000000001e-08),
"e112|e3|e44|e44||":	(-0.057079670043026831, 5.7608800000000001e-09),
"ee12|e34|335|e|555||":	(0.00026920012952000045, 6.6430080000000006e-08),
"ee12|e33|445|e5|55||":	(0.0023009500609200047, 3.6383888000000002e-07),
"e112|23|44|e44||":	(-0.011979548168531865, 9.6398622578441427e-08),
"e123|e24|34|44||":	(0.00029504244295244515, 2.9425167283678237e-07),
"e112|34|335|e|555||":	(0.00019089155142692184, 1.7075498172898851e-06),
"e123|e45|445|455|||":	(-0.00010718677050294834, 6.0034826533884479e-07),
"e123|e23|45|45|55||":	(-0.00031000843102041323, 5.6570682519340359e-07),
"e112|34|e35|45|55||":	(-0.00010151402360968965, 4.5743015505880242e-07),
"ee11|22|34|445|5|ee|":	(0.088295069314613617, 6.3285866666667328e-09),
"ee12|333|444|5|5|ee|":	(0.00057152405376000004, 1.0707840000000001e-08),
"e112|e3|344|44||":	(0.00012445815936, 2.8265664000000001e-07),
"ee12|334|355|5|ee5||":	(-0.0005147000017743375, 1.2985599999999999e-08),
"ee11|22|34|e55|e55||":	(0.096438736662120217, 6.5656000000000651e-09),
"e112|e3|445|455|5||":	(3.5800934436158099e-05, 8.2696937519460779e-07),
"ee12|233|34|5|e55|e|":	(0.0024979259559612665, 5.1569281907864495e-08),
"e112|34|e34|e4|e|":	(-0.079883293841180036, 1.1694530000000001e-08),
"e112|33|444|55|5|e|":	(0.00076303251072000011, 2.0140436212539191e-06),
"ee12|234|35|e4|55|e|":	(0.012402887685579983, 1.4842943898396629e-06),
"e112|e2|34|e44|e|":	(-0.047828634604149434, 2.360230335662411e-09),
"ee12|e33|e33||":	(0.096438736662120217, 6.5655999999999997e-09),
"ee12|e33|445|55|e5||":	(0.005455189389951598, 4.1525706916882413e-07),
"e112|34|335|4|55|e|":	(-0.00019939939034951948, 1.3573348806822876e-06),
"ee11|23|445|455|e|e|":	(0.0054785030176537353, 4.4918400000000224e-09),
"ee11|22|ee|":	(-1.0, 1.4142135623730951e-15),
"ee12|333|445|5|e5|e|":	(0.00064124257853689741, 1.2063647999999999e-07),
"ee12|334|455|55|ee||":	(-0.0042765449546392498, 1.4432e-08),
"e123|e45|444|555|||":	(1.3180665600000001e-05, 3.3125759999999999e-07),
"ee12|233|45|45|e5|e|":	(0.0046970826892600015, 2.2136211397701024e-06),
"e112|33|e44|e5|55|e|":	(0.039175696564613838, 2.5428928000000002e-07),
"ee12|234|35|45|e5|e|":	(-0.061123196972760002, 1.4414105341994894e-06),
"ee12|234|34|e4|e|":	(-0.088062363928339993, 3.12574e-09),
"e112|22|e|":	(-0.071873082763320023, 1.5676e-09),
"e112|e3|e44|e55|55||":	(0.039175496325440484, 8.6153407999999999e-07),
"e112|34|345|e5|55||":	(0.00040230307142435017, 4.6064193644052856e-07),
"e112|e3|344|55|e5|e|":	(-0.00068248913567725555, 4.2030857572424949e-06),
"ee11|23|ee4|444||":	(-0.012613991609120001, 1.2596000000000062e-10),
"e112|33|e45|45|e5|e|":	(0.028703666204340006, 5.2928517964513583e-06),
"ee11|23|e44|555|e5||":	(0.0070586197717400012, 3.981e-10),
"e123|e24|33|5|555||":	(6.468788211540016e-06, 6.0930487819849269e-07),
"ee12|e34|e35|45|55||":	(-0.0028102371872251713, 2.0502957032290927e-07),
"e111|e|":	(0.11463574622238001, 6.1062000000000001e-10),
"e123|224|4|555|e5||":	(0.00010110315843615841, 7.7966598347343592e-07),
"ee11|ee|":	(1.0, 1.0000000000000001e-15),
"ee11|23|445|445||ee|":	(0.0075477940865871229, 4.8654400000000237e-09),
"e123|e24|34|e4|e|":	(0.26280853878012, 9.3795199999999995e-09),
"e123|e24|34|55|55||":	(-0.00040356866431285731, 4.3930993740128394e-07),
"ee11|22|33|44|ee|":	(-1.0, 2.0000000000000002e-15),
"ee12|334|344|5|5|ee|":	(0.0070876930691471385, 1.139712e-08),
"ee11|22|33|45|e55|e|":	(0.21869758710180021, 2.1360933333337612e-09),
"ee11|23|334|5|e55|e|":	(0.034009983318176396, 5.4147200000000274e-09),
"ee11|22|33|44|55|ee|":	(1.0, 2.2360679774997898e-15),
"e112|34|334|4|e|":	(-0.0020688741139161561, 1.575322174046795e-07),
"ee11|23|e34|e5|555||":	(-0.00037694342134000046, 2.6682000000000033e-10),
"ee12|e33|e34|5|555||":	(1.1976944816895208e-05, 7.3279679999999996e-08),
"ee12|e34|e34|55|55||":	(-0.0050863308581101108, 7.4862977153144215e-07),
"ee12|334|355|e|e55||":	(0.0018866562973269829, 1.4061159066955126e-06),
"e123|e23|45|45|e5|e|":	(0.16748868458752, 3.2928464099452864e-06),
"ee12|e33|345|4|55|e|":	(-0.00060236069501345968, 7.7003224194748004e-07),
"ee12|e23|e4|455|55||":	(-0.00024203879740000017, 8.4588215875867724e-08),
"ee12|e23|34|45|55|e|":	(-6.0161189406734636e-06, 7.9374957061238105e-07),
"ee12|334|344|e|e|":	(-0.0054785030176536242, 4.4918400000000001e-09),
"ee12|334|345|5|e5|e|":	(-0.0028257956986999788, 1.4813585684670976e-06),
"e112|34|e34|44||":	(-0.0010787325102720215, 1.8535553935183483e-07),
"ee12|233|45|44|5|ee|":	(0.0011807184099735801, 2.0579424227669736e-08),
"e112|e3|345|45|e5|e|":	(0.040185679340759672, 1.980961712582996e-06),
"ee12|e23|44|555|e5||":	(-0.00047609530311999975, 5.5836048000000003e-07),
"e112|e3|e34|45|55|e|":	(-0.00060222433089590632, 9.6370318692175173e-07),
"ee12|234|34|e5|55|e|":	(0.015400718743180025, 1.2320456157275321e-06),
"e123|e45|344|55|5||":	(0.00040844081513521924, 6.3245068108721328e-07),
"ee12|e33|344|4|e|":	(-0.0067143613388894741, 4.8862799999999998e-09),
"ee11|22|34|ee5|555||":	(0.012613991609120001, 1.2596000000000124e-10),
"e112|34|335|5|e55||":	(0.00082261954538204174, 9.9649895118395376e-07),
"ee12|233|45|e4|55|e|":	(-0.00064759878052222941, 1.6974715732630407e-06),
"e112|23|e4|e55|e55||":	(0.0054550256964984722, 1.0597351840346076e-06),
"e112|33|e45|45|55||":	(0.0011935601285756776, 1.2568685206059701e-06),
"ee11|22|34|e45|55|e|":	(0.0072246138098400747, 5.672383333333391e-09),
"e112|34|e35|e4|55|e|":	(0.021370598492980064, 5.8209585443233711e-06),
"ee11|22|33|ee|":	(1.0, 1.7320508075688773e-15),
"ee11|23|e44|455|5|e|":	(0.006714361338889363, 4.8862800000000238e-09),
"e112|34|e34|55|55||":	(-6.889317410952063e-05, 8.7969328672686832e-07),
"ee11|23|e45|e45|55||":	(-0.0037550348587278015, 4.0930800000000204e-09),
"e112|e3|444|555|5||":	(-2.2927708799999999e-05, 4.819392e-07),
"ee12|223|4|e45|55|e|":	(0.0018559000068104695, 1.3046572961571173e-08),
"e123|e24|55|e45|e5||":	(-0.06502882052108, 3.8936613400020935e-06),
"ee12|e34|e34|44||":	(0.0037550348587278015, 4.0930799999999997e-09),
"ee11|23|444|455||ee|":	(0.012613991609120001, 1.2596000000000124e-10),
"ee12|334|334||ee|":	(-0.0075477940865871229, 4.8654399999999997e-09),
"ee11|23|e45|445|5|e|":	(0.022392791377709498, 3.8369100000000192e-09),
"e123|e45|e45|e45|5||":	(0.16128237926940001, 1.3549665910612845e-06),
"ee11|23|e33|e|":	(0.21869758710180009, 2.1360933333334758e-09),
"e112|e3|e45|e45|55||":	(0.0003640394053714413, 1.2300666685946052e-06),
"ee11|23|345|45|e5|e|":	(0.088062363928339993, 3.1257400000000153e-09),
"e123|234|45|55|e5||":	(0.0025797352555706511, 2.9490050329153392e-07),
"e112|33|445|e5|55||":	(-3.6107662080000157e-05, 2.1188934391938068e-06),
"ee11|23|e34|55|e55||":	(-0.0043764789310197783, 4.5902400000000228e-09),
"ee12|ee3|334|5|555||":	(-6.0887362559999995e-05, 1.3276800000000001e-09),
"e112|e2|34|e55|e55||":	(0.021090919011151565, 5.3193851849898738e-09),
"e112|e3|333||":	(1.4266753919999999e-05, 7.1999999999999997e-11),
"ee12|345|345|e4|5|e|":	(-0.070905014574120018, 1.0951667878493233e-06),
"ee12|e34|355|e4|55||":	(0.013907570225931559, 4.6630130225408204e-07),
"ee12|e34|345|45|5|e|":	(-0.0162614502730003, 4.640496346354136e-07),
"ee12|334|355|4|e5|e|":	(0.0028557573997877173, 1.2382185487948312e-06),
"e112|33|e33||":	(0.048112029686340013, 1.7635200000000001e-09),
"e123|e23|e3|e|":	(0.40068563461402001, 3.9980800000000003e-09),
"e112|e3|445|455|e|e|":	(0.0030042663880026632, 1.6422958107183767e-06),
"ee12|e33|e45|45|55||":	(0.00036401192413648698, 9.5593396055163548e-07),
"e123|e23|e4|e5|555||":	(0.0039545482560000003, 1.31819424e-06),
"e112|33|e44|55|55||":	(0.026940711591900285, 4.0406459133584668e-06),
"e112|23|34|e5|555||":	(-1.1856719467054052e-05, 1.3498927332680622e-06),
"e123|e45|334|5|55||":	(0.00012705447037216367, 8.9862254002872637e-07),
"ee12|233|44|45|5|ee|":	(0.0011807046553871103, 5.9806079999999999e-08),
"e123|e45|e45|445||e|":	(-0.074326004996440015, 3.5284174964392644e-06),
"e112|33|444|e4||":	(-0.00053894298815999994, 2.555712e-08),
"ee12|e34|334|4|e|":	(-0.022392791377709498, 3.8369100000000001e-09),
"e112|23|45|445|5|e|":	(0.0010916542483844502, 6.5516135228873202e-07),
"e123|234|45|45|5|e|":	(-0.010524452586144706, 2.4795118097432002e-07),
"e112|34|e35|45|e5|e|":	(-0.048794426848940003, 2.1353469234664214e-06),
"e112|34|355|e4|55||":	(2.1248776064502345e-06, 7.3386387262161916e-07),
"ee11|22|34|e44|e|":	(-0.21869758710179998, 2.1360933333336185e-09),
"ee12|e33|e44|55|55||":	(0.039175461970800685, 6.9039999999999999e-07),
"ee11|23|e34|44|e|":	(-0.0072246138098401858, 5.672383333333362e-09),
"ee12|e23|34|55|e55||":	(-0.00053141632596839794, 1.9315695982731723e-06),
"e112|33|e34|5|555||":	(0.00011308641905810601, 1.0162964128068936e-06),
"e112|e3|e44|555|e5||":	(0.0047213541647600013, 3.6334800000000003e-07),
"ee12|e23|44|e55|55||":	(-0.0041520541904596087, 2.5205416e-06),
"ee12|e33|444|e4||":	(-0.0070586197717400012, 3.981e-10),
"ee12|223|3|ee|":	(0.088295069314613506, 6.3285866666666658e-09),
"e112|23|34|55|e55||":	(0.0020559276604112248, 1.2945825559236306e-06),
"ee11|23|334|4|ee|":	(-0.088295069314613506, 6.3285866666666989e-09),
"e112|34|e35|e5|e55||":	(0.021371036118180087, 3.8317719580502075e-06),
"e112|e3|344|55|55||":	(-8.631520703999992e-05, 1.237482398653007e-06),
"e112|23|45|e45|e5|e|":	(0.00088364471147969748, 3.1450578891429844e-06),
"ee12|e34|355|45|e5||":	(-0.0071078296564707063, 1.0805438325714267e-06),
"ee12|334|335||e55|e|":	(0.0076531129090450234, 2.2974719999999999e-08),
"ee12|e23|34|e5|555||":	(-7.6224755223106011e-05, 9.1176839999999998e-08),
"e112|e2|33|45|e55|e|":	(0.047828634604149656, 2.36023033566249e-09),
"e123|245|45|445||e|":	(-0.00016990677642933841, 4.0841128571752271e-07),
"e112|e3|334|5|e55|e|":	(0.013739004898281948, 4.7442560000000002e-08),
"e112|34|345|45|5|e|":	(0.0053055176349381533, 4.005999154683885e-07),
"ee12|233|34|4|ee|":	(-0.0058544861438136198, 4.4066799999999999e-09),
"ee12|e33|444|55|5|e|":	(0.0047213485290800005, 4.2969599999999999e-08),
"e123|224|5|445|5|e|":	(0.00075297094267916687, 7.347547605418286e-07),
"e112|33|e44|44||":	(-0.034943682510960056, 1.5664512e-07),
"e112|e3|e34|e5|555||":	(1.1981971616895765e-05, 1.9952880000000002e-08),
"ee12|e34|335|4|55|e|":	(3.2231043199160148e-05, 5.3796148741351368e-07),
"ee11|23|ee4|455|55||":	(0.0031925882563200031, 3.7016000000000066e-10),
"e112|23|44|e55|55||":	(0.0078676717829247456, 1.9755348652697378e-06),
"ee12|e23|44|455|5|e|":	(-0.00064757669271564566, 8.6779520328684373e-07),
"ee12|e23|45|445|5|e|":	(0.0021374503692893204, 1.1867270400294308e-06),
"e112|e3|e34|44|e|":	(-0.0067143623201828539, 4.8861200000000001e-09),
"ee12|e34|345|e5|55||":	(0.0085908420129593016, 5.1029581064160507e-07),
"ee12|223|4|ee5|555||":	(0.0023017519790968976, 3.6609600000000001e-09),
"ee12|e34|335|5|e55||":	(0.0028558575784742857, 5.4502993572336119e-07),
"ee12|ee3|444|555|5||":	(0.00057152342880000006, 3.4692479999999998e-08),
"e123|234|34|4|e|":	(-0.018031135334732162, 3.9205583999999998e-07),
"e123|e24|35|45|55||":	(2.3856107099765359e-05, 1.9297668012980221e-07),
"ee12|e33|445|45|5|e|":	(0.0071185416718564931, 3.216598946303278e-07),
"e112|33|344|5|55|e|":	(0.0057890255870732821, 2.8147846334516462e-06),
"e112|23|44|455|5|e|":	(0.0023644933573970517, 1.9217368586387889e-06),
"ee12|223|3|45|e55|e|":	(0.019309918612092199, 5.1363061454308433e-09),
"ee12|ee3|445|455|5||":	(0.0021537448171137976, 8.2810880000000001e-08),
"e112|23|e4|455|e5|e|":	(0.00088890824777266425, 1.1681666063269514e-06),
"e112|23|45|e45|55||":	(-0.00010193769701447985, 8.8523953988438633e-07),
"e112|e2|34|e45|55|e|":	(0.0015800056079544114, 4.5959616353637194e-09),
"e112|34|e33|5|555||":	(0.00011304753905810614, 1.2364717828795286e-06),
"e112|e3|e44|455|5|e|":	(0.0054552793983624337, 8.8923387523067296e-07),
"ee12|e22|e|":	(-0.21869758710180009, 2.1360933333333331e-09),
"e112|23|44|555|e5||":	(0.00025386117125154005, 1.4983579533799525e-06),
"e112|33|445|45|5|e|":	(0.0018090562639839804, 1.0478922194445763e-06),
"ee12|345|345|ee|55||":	(-0.0055732014069623248, 2.972992e-08),
"ee12|334|455|e4|5|e|":	(0.00088891645623923043, 1.1179533139527658e-06),
"ee12|e23|34|44|e|":	(0.0013609711510004785, 4.0754399999999997e-09),
"ee11|23|e44|e55|55||":	(0.057079669694640511, 5.7612800000000291e-09),
"e123|e45|345|45|5||":	(0.00049364835641882085, 3.1716781542243533e-07),
"e112|e3|e45|445|5|e|":	(0.0071185491332139139, 1.2483357939907773e-06),
"e112|e3|e33|e|":	(0.096438736717893492, 6.5803333333333335e-09),
"ee11|23|344|55|e5|e|":	(-0.0043764792580262002, 4.5915200000000222e-09),
"ee12|e23|33|e|":	(0.0072246138098401858, 5.6723833333333331e-09),
"e112|34|e55|e45|e5||":	(0.028694558184660046, 8.0960924800000001e-06),
"e112|e3|e34|55|e55||":	(-0.0006825952824550674, 2.4036265052740021e-06),
"e112|23|e4|455|55||":	(-6.480300557594877e-05, 1.1321976548808782e-06),
"ee12|e23|e4|444||":	(0.00037694342134000046, 2.6682000000000002e-10),
"ee12|ee3|344|55|55||":	(0.00035076146864001026, 6.5649727999999996e-07),
"ee12|333|345||e55|e|":	(0.0027586495286368966, 1.0203481910383852e-10),
"ee12|e34|355|44|5|e|":	(-0.00030508682602348181, 7.1378262065677559e-07),
"ee12|234|35|44|5|ee|":	(0.0064661621955422188, 1.3519496743769717e-08),
"e112|23|34|45|55|e|":	(0.00099416331355397982, 1.284344536255969e-06),
"e123|e23|34|5|555||":	(-1.8610850988372705e-05, 6.3098077808922192e-07),
"ee12|e34|334|5|55|e|":	(0.0060511592469590925, 4.0026041923016871e-07),
"ee12|e23|44|e44||":	(0.0043764789310197783, 4.5902399999999997e-09),
"ee12|334|455|e5|e5||":	(0.0090941733232278166, 1.6953565206393779e-06),
"ee12|233|44|e5|55|e|":	(-0.0041520121684330835, 7.3992687999999999e-07),
"ee12|ee3|333||":	(0.012613991609120001, 1.2596e-10),
"ee12|ee3|345|45|55||":	(-0.00059316916832620383, 3.8757856e-07),
"e112|34|334|5|55|e|":	(0.0020260423328122279, 1.3741634941526282e-06),
"e112|e3|345|45|55||":	(-1.4960747483841585e-05, 6.5739501660076497e-07),
"ee11|23|e44|e44||":	(-0.096438736662120217, 6.5656000000000328e-09),
"ee12|e33|e44|44||":	(-0.0570796696946404, 5.7612800000000002e-09),
"e112|23|33|e|":	(0.022550705705037616, 1.7256000000000001e-09),
"e112|34|e55|445|5||":	(0.0011928392165757029, 1.7708689567967924e-06),
"ee12|223|4|e44|e|":	(-0.034009983318176173, 5.4147200000000001e-09),
"ee12|233|44|e4|e|":	(0.0043764792580264222, 4.5915199999999999e-09),
"e112|34|345|e5|e5|e|":	(-0.055461714100360021, 2.8419128829769701e-06),
"e112|e3|334|5|555||":	(-7.5058560000004608e-07, 4.1445986841671408e-07),
"ee12|223|4|e55|e55||":	(0.018268230889071702, 3.5172159999999997e-08),
"ee12|ee3|344|44||":	(-0.0031925882563200031, 3.7015999999999999e-10),
"e123|e23|44|55|55||":	(-0.0016534162278158404, 1.0676093610368166e-06),
"ee11|23|e34|45|55|e|":	(-0.0013609711510004785, 4.0754400000000204e-09),
"ee12|e23|45|e45|55||":	(-0.0010528249291979763, 1.0932930382081204e-06),
"ee11|23|334|4|55|ee|":	(0.088295069314613617, 6.3285866666667328e-09),
"e112|23|e4|e45|55|e|":	(0.00088893744265273328, 7.6684493528033059e-07),
"e123|e23|44|44||":	(0.0021853975239885005, 5.2087488e-07),
"e112|23|34|44|e|":	(-0.004835825514073612, 1.2372160395499568e-07),
"ee12|223|4|445|5|ee|":	(0.012637161404488347, 4.4768000000000001e-09),
"e123|e24|35|45|e5|e|":	(0.16740525044381999, 1.6173972912043537e-06),
"e112|34|e34|e5|55|e|":	(0.018206593186980036, 5.7557527061065146e-06),
"ee12|234|34|45|5|ee|":	(0.021467183259619965, 2.2605384024165572e-08)
}
