{
"e123|e45|444|555|||": 	(1.3180665600000001e-05, 3.3125759999999999e-07), 	# 1.31806656e-05, 	1/72 	 err_rel: 2.513e-02
"e112|34|335|e|555||": 	(0.00019089155142692184, 1.7151672757889598e-06), 	# 0.0013090109184, 	1/24 	 err_rel: 8.985e-03
"e123|234|45|45|5|e|": 	(-0.010524452586144706, 2.4796061000714959e-07), 	# 0.0497300533272, 	1/2 	 err_rel: 2.356e-05
"e112|e3|334|5|555||": 	(-6.6672000000008897e-07, 2.0717071360595348e-08), 	# -6.6672e-07, 	1/24 	 err_rel: 3.107e-02
"ee11|23|345|45|e5|e|": 	(0.088062363928339993, 6.7301853859459178e-09), 	# 0.312623270686, 	3/2 	 err_rel: 7.643e-08
"e112|34|345|45|5|e|": 	(0.0053055176349381533, 5.6052720886430595e-07), 	# 0.077021984892, 	1/2 	 err_rel: 1.056e-04
"ee12|e23|44|555|e5||": 	(-0.00047609530311999975, 5.5836069987802183e-07), 	# 0.0054562199556, 	1 	 err_rel: 1.173e-03
"e112|e3|334|5|e55|e|": 	(0.013739004898281948, 4.8726760723460865e-08), 	# 0.453405298371, 	3/4 	 err_rel: 3.547e-06
"e112|e3|333||": 	(1.4266753919999999e-05, 7.1999999999999997e-11), 	# 1.426675392e-05, 	1/12 	 err_rel: 5.047e-06
"ee12|334|335||e55|e|": 	(0.0076531129090450234, 2.9562464854206624e-08), 	# 0.41842918222, 	3/4 	 err_rel: 3.863e-06
"ee11|23|444|455||ee|": 	(0.012613991609120001, 4.541552386574441e-10), 	# 0.0126139916091, 	1/8 	 err_rel: 3.600e-08
"ee11|23|334|4|ee|": 	(-0.088295069314613506, 1.2146209119095553e-08), 	# 0.650899895111, 	3/4 	 err_rel: 1.376e-07
"e112|e2|33|45|e55|e|": 	(0.047828634604149656, 5.7345222804584351e-09), 	# 0.610433460401, 	3/8 	 err_rel: 1.199e-07
"e112|34|345|e5|e5|e|": 	(-0.055461714100360021, 2.8419283611354288e-06), 	# 0.20734682468, 	6 	 err_rel: 5.124e-05
"ee12|333|445|5|e5|e|": 	(0.00064124257853689741, 1.2063714301681986e-07), 	# 0.00343796488728, 	1 	 err_rel: 1.881e-04
"ee12|ee3|444|555|5||": 	(0.00057152342880000006, 3.4692479999999998e-08), 	# 0.0005715234288, 	1/12 	 err_rel: 6.070e-05
"e123|e24|34|e4|e|": 	(0.26280853878012, 9.3795199999999995e-09), 	# 0.26280853878, 	3 	 err_rel: 3.569e-08
"e112|34|e35|e4|55|e|": 	(0.021370598492980064, 5.8209834120566591e-06), 	# 0.262289645425, 	3 	 err_rel: 2.724e-04
"e112|33|e44|55|55||": 	(0.026940711591900285, 4.0558063813807688e-06), 	# 0.187790499379, 	1/32 	 err_rel: 1.505e-04
"e112|23|34|55|e55||": 	(0.0020559276604112248, 1.3099103770845072e-06), 	# 0.161539960906, 	1/4 	 err_rel: 6.371e-04
"ee12|e33|445|45|5|e|": 	(0.0071185416718564931, 3.2189038327603638e-07), 	# 0.334923984023, 	3 	 err_rel: 4.522e-05
"e123|e45|334|5|55||": 	(0.00012705447037216367, 9.3607877407611989e-07), 	# 0.08197195896, 	1/8 	 err_rel: 7.368e-03
"ee11|22|33|44|55|ee|": 	(1.0, 0.0), 	# 1.0, 	3/32 	 err_rel: 0.000e+00
"ee12|e34|345|45|5|e|": 	(-0.0162614502730003, 4.6406177471062519e-07), 	# 0.208732838936, 	6 	 err_rel: 2.854e-05
"ee12|334|334||ee|": 	(-0.0075477940865871229, 1.7683497845684011e-08), 	# 0.48712946946, 	3/8 	 err_rel: 2.343e-06
"e112|e3|345|45|e5|e|": 	(0.040185679340759672, 1.9809645564880938e-06), 	# 0.26517996855, 	3 	 err_rel: 4.930e-05
"ee12|e34|335|5|e55||": 	(0.0028558575784742857, 5.4518963006378905e-07), 	# 0.315524677078, 	3 	 err_rel: 1.909e-04
"ee11|23|e34|45|55|e|": 	(-0.0013609711510004785, 1.3563451151144723e-08), 	# 0.407546072069, 	3 	 err_rel: 9.966e-06
"ee12|e33|445|e5|55||": 	(0.0023009500609200047, 3.6383954748919642e-07), 	# 0.0102191054794, 	3/2 	 err_rel: 1.581e-04
"e112|e3|e44|e44||": 	(-0.057079670043026831, 1.3288532630658997e-08), 	# 0.576143778749, 	3/2 	 err_rel: 2.328e-07
"e123|e24|55|e45|e5||": 	(-0.06502882052108, 3.8936726372439593e-06), 	# 0.197779718259, 	3 	 err_rel: 5.988e-05
"e112|34|e35|45|e5|e|": 	(-0.048794426848940003, 2.1353675231568315e-06), 	# 0.214014111931, 	12 	 err_rel: 4.376e-05
"ee12|234|34|45|5|ee|": 	(0.021467183259619965, 2.3792205294104204e-08), 	# 0.246028090017, 	3/4 	 err_rel: 1.108e-06
"ee12|234|35|44|5|ee|": 	(0.0064661621955422188, 1.8357696878626238e-08), 	# 0.291105768758, 	3 	 err_rel: 2.839e-06
"ee11|22|34|ee5|555||": 	(0.012613991609120001, 3.3325883514169581e-10), 	# 0.0126139916091, 	1/4 	 err_rel: 2.642e-08
"e123|e23|e3|e|": 	(0.40068563461402001, 3.9980800000000003e-09), 	# 0.400685634614, 	1 	 err_rel: 9.978e-09
"e112|34|e35|45|55||": 	(-0.00010151402360968965, 5.7461902161724269e-07), 	# 0.0805962954144, 	1/2 	 err_rel: 5.660e-03
"ee12|334|344|5|5|ee|": 	(0.0070876930691471385, 2.4851059005027893e-08), 	# 0.323263627611, 	3/8 	 err_rel: 3.506e-06
"e112|34|355|e4|55||": 	(2.1248776064502345e-06, 9.2709826477881486e-07), 	# 0.097154255184, 	1/4 	 err_rel: 4.363e-01
"e112|23|34|45|55|e|": 	(0.00099416331355397982, 1.2962105544344298e-06), 	# 0.148952874125, 	1/4 	 err_rel: 1.304e-03
"ee12|233|44|45|5|ee|": 	(0.0011807046553871103, 6.3781421367374507e-08), 	# 0.337066603748, 	3/8 	 err_rel: 5.402e-05
"e112|e2|34|e55|e55||": 	(0.021090919011151565, 1.0065502989038604e-08), 	# 0.514912325554, 	3/4 	 err_rel: 4.772e-07
"ee12|223|3|45|e55|e|": 	(0.019309918612092199, 9.5756289162137558e-09), 	# 0.508549658605, 	3/4 	 err_rel: 4.959e-07
"ee12|e34|555|e44|5||": 	(0.00064123235741689755, 3.3612939651030994e-08), 	# 0.00343795466616, 	1 	 err_rel: 5.242e-05
"e112|34|345|e5|55||": 	(0.00040230307142435017, 5.6885415268338151e-07), 	# 0.085257395112, 	1/2 	 err_rel: 1.414e-03
"ee12|223|4|e44|e|": 	(-0.034009983318176173, 1.1260379517993861e-08), 	# 0.542459696013, 	3/2 	 err_rel: 3.311e-07
"e123|e23|e4|e5|555||": 	(0.0039545482560000003, 1.31819424e-06), 	# 0.003954548256, 	1 	 err_rel: 3.333e-04
"ee11|23|e45|e45|55||": 	(-0.0037550348587278015, 1.4893441549349107e-08), 	# 0.409355761637, 	3/4 	 err_rel: 3.966e-06
"ee12|223|4|e55|e55||": 	(0.018268230889071702, 3.9586978802896815e-08), 	# 0.470555875412, 	3/4 	 err_rel: 2.167e-06
"ee12|ee3|344|55|55||": 	(0.00035076146864001026, 6.5649762931821774e-07), 	# 0.028614971527, 	3/8 	 err_rel: 1.872e-03
"ee12|e23|45|445|5|e|": 	(0.0021374503692893204, 1.1867552777938093e-06), 	# 0.268315015761, 	6 	 err_rel: 5.552e-04
"e112|e3|345|45|55||": 	(-1.4960747483841585e-05, 7.1558576319229596e-07), 	# 0.0001317907104, 	1/8 	 err_rel: 4.783e-02
"ee12|e33|e33||": 	(0.096438736662120217, 7.2272327219636575e-09), 	# 0.659043562459, 	3/2 	 err_rel: 7.494e-08
"ee12|ee3|445|455|5||": 	(0.0021537448171137976, 8.2812657069420691e-08), 	# 0.0280932440746, 	3/4 	 err_rel: 3.845e-05
"e112|34|e55|445|5||": 	(0.0011928392165757029, 1.7970095237818834e-06), 	# 0.121365404525, 	1/16 	 err_rel: 1.506e-03
"e112|e3|e45|445|5|e|": 	(0.0071185491332139139, 1.2483657779816763e-06), 	# 0.334923990547, 	6 	 err_rel: 1.754e-04
"e112|23|e4|455|55||": 	(-6.480300557594877e-05, 1.1780656643277354e-06), 	# 0.0024443968272, 	1/4 	 err_rel: 1.818e-02
"e123|e24|34|55|55||": 	(-0.00040356866431285731, 6.051177610558886e-07), 	# 0.0588741203088, 	1/4 	 err_rel: 1.499e-03
"e112|e3|344|55|e5|e|": 	(-0.00068248913567725555, 4.2031075977903825e-06), 	# 0.397367968315, 	3/2 	 err_rel: 6.158e-03
"e112|e3|e34|e5|555||": 	(1.1981971616895765e-05, 1.9954701152035621e-08), 	# 0.0102442674734, 	1 	 err_rel: 1.665e-03
"ee12|e33|345|4|55|e|": 	(-0.00060236069501345968, 7.7012977607901119e-07), 	# 0.350956844185, 	3 	 err_rel: 1.279e-03
"ee11|23|e44|e44||": 	(-0.096438736662120217, 1.2517934272565369e-08), 	# 0.659043562459, 	3/4 	 err_rel: 1.298e-07
"ee12|334|344|e|e|": 	(-0.0054785030176536242, 1.1896132266836422e-08), 	# 0.449316700015, 	3/2 	 err_rel: 2.171e-06
"ee12|e23|e4|444||": 	(0.00037694342134000046, 2.9505734019000442e-10), 	# 0.0129909350305, 	1 	 err_rel: 7.828e-07
"e123|e24|34|44||": 	(0.00029504244295244515, 2.9425717700641592e-07), 	# 0.0755661953122, 	1/2 	 err_rel: 9.973e-04
"ee12|e23|34|e5|555||": 	(-7.6224755223106011e-05, 9.1177238553041575e-08), 	# 0.0101560607466, 	2 	 err_rel: 1.196e-03
"ee12|333|345||e55|e|": 	(0.0027586495286368966, 1.7101680155155656e-10), 	# 0.00985534208048, 	1/2 	 err_rel: 6.199e-08
"ee12|ee3|333||": 	(0.012613991609120001, 1.2596e-10), 	# 0.0126139916091, 	1/2 	 err_rel: 9.986e-09
"e112|34|e34|55|55||": 	(-6.889317410952063e-05, 1.0554127348982434e-06), 	# 0.0899655922176, 	1/8 	 err_rel: 1.532e-02
"e123|e45|345|45|5||": 	(0.00049364835641882085, 3.1716938629200505e-07), 	# 0.0433707404208, 	1/4 	 err_rel: 6.425e-04
"ee11|23|e44|455|5|e|": 	(0.006714361338889363, 1.792104144793086e-08), 	# 0.488684862432, 	3/2 	 err_rel: 2.669e-06
"ee12|233|45|45|e5|e|": 	(0.0046970826892600015, 2.2136578478534668e-06), 	# 0.237437059534, 	3 	 err_rel: 4.713e-04
"ee12|ee3|345|45|55||": 	(-0.00059316916832620383, 3.8757874246641734e-07), 	# 0.0159249267363, 	3/4 	 err_rel: 6.534e-04
"e112|23|e4|e45|55|e|": 	(0.00088893744265273328, 7.6690659090773683e-07), 	# 0.363883721329, 	3 	 err_rel: 8.627e-04
"e123|e45|445|455|||": 	(-0.00010718677050294834, 7.30474008691111e-07), 	# 0.056911035792, 	1/8 	 err_rel: 6.815e-03
"e112|23|44|555|e5||": 	(0.00025386117125154016, 1.5029191349150192e-06), 	# 0.0002922578928, 	1/12 	 err_rel: 5.920e-03
"ee12|e33|444|55|5|e|": 	(0.0047213485290800005, 4.2973472716335137e-08), 	# 0.00321810059472, 	1/2 	 err_rel: 9.102e-06
"e123|e24|e5|e45|55||": 	(-0.017108372121680288, 3.0391988657252314e-06), 	# 0.216064987175, 	6 	 err_rel: 1.776e-04
"ee11|23|334|4|55|ee|": 	(0.088295069314613617, 2.3987868940616162e-08), 	# 0.650899895111, 	3/16 	 err_rel: 2.717e-07
"e123|e24|35|45|55||": 	(2.3856107099765305e-05, 3.5188855493562021e-07), 	# 0.0506886754464, 	1 	 err_rel: 1.475e-02
"e112|23|e4|e55|e55||": 	(0.0054550256964984722, 1.0598327591758704e-06), 	# 0.431263456711, 	3 	 err_rel: 1.943e-04
"ee12|334|455|e4|5|e|": 	(0.00088891645623923043, 1.1180022893469846e-06), 	# 0.36388370225, 	3/2 	 err_rel: 1.258e-03
"e112|e3|445|455|5||": 	(3.5800934436158099e-05, 9.1851396585018255e-07), 	# 0.0003212773056, 	1/8 	 err_rel: 2.566e-02
"ee12|e34|355|e4|55||": 	(0.013907570225931559, 4.6646655818118805e-07), 	# 0.291387046283, 	3 	 err_rel: 3.354e-05
"ee11|23|ee4|444||": 	(-0.012613991609120001, 2.1816911972137576e-10), 	# 0.0126139916091, 	1/2 	 err_rel: 1.730e-08
"e112|e3|e34|44|e|": 	(-0.0067143623201828539, 1.0215197349566973e-08), 	# 0.488684861506, 	6 	 err_rel: 1.521e-06
"e112|23|34|e5|555||": 	(-1.1856719467054052e-05, 1.3547127328545039e-06), 	# 0.0019430054496, 	1/6 	 err_rel: 1.143e-01
"e112|33|445|45|5|e|": 	(0.0018090562639839804, 1.0756472778116062e-06), 	# 0.130283131944, 	1/4 	 err_rel: 5.946e-04
"e112|33|e34|5|555||": 	(0.00011308641905810601, 1.0290436316801446e-06), 	# 0.0019429396128, 	1/12 	 err_rel: 9.100e-03
"ee12|e23|44|455|5|e|": 	(-0.00064757669271564566, 8.6789659757080505e-07), 	# 0.335775005335, 	3 	 err_rel: 1.340e-03
"ee12|234|34|e5|55|e|": 	(0.015400718743180025, 1.2321115680649982e-06), 	# 0.248140695588, 	3 	 err_rel: 8.000e-05
"e123|e23|44|44||": 	(0.0021853975239885005, 5.2088212140651494e-07), 	# 0.0829724555059, 	1/8 	 err_rel: 2.383e-04
"e112|34|e55|e45|e5||": 	(0.028694558184660046, 8.0961103595133929e-06), 	# 0.269613605116, 	3/2 	 err_rel: 2.821e-04
"ee12|ee3|344|44||": 	(-0.0031925882563200031, 4.1079224530168534e-10), 	# 0.0220353949619, 	3/4 	 err_rel: 1.287e-07
"ee11|23|e34|44|e|": 	(-0.0072246138098401858, 1.0713513753931423e-08), 	# 0.569829439606, 	3 	 err_rel: 1.483e-06
"e111|e|": 	(0.11463574622238001, 6.1062000000000001e-10), 	# 0.114635746222, 	1/6 	 err_rel: 5.327e-09
"ee12|334|355|5|ee5||": 	(-0.0005147000017743375, 2.6050042200714405e-08), 	# 0.33943055175, 	3/4 	 err_rel: 5.061e-05
"e123|234|34|4|e|": 	(-0.018031135334732162, 3.9205706426631533e-07), 	# 0.0738346581144, 	1/6 	 err_rel: 2.174e-05
"ee12|e34|e34|44||": 	(0.0037550348587278015, 1.0060856752394967e-08), 	# 0.409355761637, 	3/2 	 err_rel: 2.679e-06
"e112|22|e|": 	(-0.071873082763320023, 1.789715991100264e-09), 	# 0.157398409681, 	1/4 	 err_rel: 2.490e-08
"ee12|223|4|ee5|555||": 	(0.0023017519790968976, 3.6870487432432579e-09), 	# 0.00509847428784, 	1/2 	 err_rel: 1.602e-06
"ee12|e34|e35|45|55||": 	(-0.0028102371872251713, 2.0523762127692369e-07), 	# 0.267849017805, 	3 	 err_rel: 7.303e-05
"ee12|334|345|5|e5|e|": 	(-0.0028257956986999788, 1.4814134214651369e-06), 	# 0.229914181146, 	6 	 err_rel: 5.242e-04
"ee11|23|e34|e5|555||": 	(-0.00037694342134000046, 4.790038191914549e-10), 	# 0.0129909350305, 	1/2 	 err_rel: 1.271e-06
"e112|23|34|44|e|": 	(-0.004835825514073612, 1.2376487502941019e-07), 	# 0.165859293475, 	1/4 	 err_rel: 2.559e-05
"e123|e24|55|445|5||": 	(-0.00045641815062349989, 7.4275236369300043e-07), 	# 0.0593005458528, 	1/4 	 err_rel: 1.627e-03
"e123|e24|33|5|555||": 	(6.468788211540016e-06, 6.199101811283119e-07), 	# 0.000569541744, 	1/6 	 err_rel: 9.583e-02
"e112|23|e4|455|e5|e|": 	(0.00088890824777266425, 1.168207081193253e-06), 	# 0.363883692134, 	3 	 err_rel: 1.314e-03
"ee12|e23|33|e|": 	(0.0072246138098401858, 6.4266415908855534e-09), 	# 0.569829439606, 	6 	 err_rel: 8.895e-07
"ee11|23|e33|e|": 	(0.21869758710180009, 3.6998221830424943e-09), 	# 0.781302412898, 	3/2 	 err_rel: 1.692e-08
"e112|23|45|e45|e5|e|": 	(0.00088364471147969748, 3.1450798694443695e-06), 	# 0.234057004008, 	6 	 err_rel: 3.559e-03
"e112|e2|34|e45|55|e|": 	(0.0015800056079544114, 8.2096335529002675e-09), 	# 0.445209116105, 	3 	 err_rel: 5.196e-06
"ee12|e33|e34|5|555||": 	(1.1976944816895208e-05, 7.3280392401502945e-08), 	# 0.0102442624466, 	1 	 err_rel: 6.118e-03
"ee12|e34|355|44|5|e|": 	(-0.00030508682602348181, 7.1389622800468847e-07), 	# 0.326278438156, 	3 	 err_rel: 2.340e-03
"e112|23|45|445|5|e|": 	(0.0010916542483844381, 6.8510249189892658e-07), 	# 0.117018855986, 	1/2 	 err_rel: 6.276e-04
"e112|e3|e34|55|e55||": 	(-0.0006825952824550674, 2.40366469202923e-06), 	# 0.397367861798, 	3 	 err_rel: 3.521e-03
"e112|e3|e34|45|55|e|": 	(-0.00060222433089590632, 9.6374300562608379e-07), 	# 0.350956979611, 	6 	 err_rel: 1.600e-03
"ee11|22|33|ee|": 	(1.0, 0.0), 	# 1.0, 	3/8 	 err_rel: 0.000e+00
"ee12|234|34|e4|e|": 	(-0.088062363928339993, 5.0749280028390552e-09), 	# 0.312623270686, 	3 	 err_rel: 5.763e-08
"e112|e3|344|55|55||": 	(-8.631520703999992e-05, 1.3308069097116489e-06), 	# 0.0003298595328, 	1/16 	 err_rel: 1.542e-02
"ee12|e33|e44|55|55||": 	(0.039175461970800685, 6.9069662196077701e-07), 	# 0.514698854758, 	3/8 	 err_rel: 1.763e-05
"e112|34|e34|e5|55|e|": 	(0.018206593186980036, 5.7557778555604443e-06), 	# 0.259125640119, 	3 	 err_rel: 3.161e-04
"ee11|22|34|e45|55|e|": 	(0.0072246138098400747, 1.617821642183196e-08), 	# 0.569829439606, 	3/2 	 err_rel: 2.239e-06
"ee12|e33|e45|45|55||": 	(0.00036401192413648698, 9.5602824700410187e-07), 	# 0.360985502662, 	3/2 	 err_rel: 2.626e-03
"ee12|e34|334|5|55|e|": 	(0.0060511592469590925, 4.004541815734333e-07), 	# 0.297429415928, 	3 	 err_rel: 6.618e-05
"ee12|334|345|e|55|e|": 	(-1.0211670762205749e-05, 6.5052236833026131e-07), 	# 0.326557387483, 	3 	 err_rel: 6.370e-02
"ee11|22|ee|": 	(-1.0, 0.0), 	# 1.0, 	3/4 	 err_rel: 0.000e+00
"ee11|23|e34|55|e55||": 	(-0.0043764789310197783, 1.7949598403808991e-08), 	# 0.459171681907, 	3/2 	 err_rel: 4.101e-06
"e112|23|e4|444||": 	(-8.4917889594311301e-05, 1.1417618387462238e-07), 	# 0.00137536320528, 	1/6 	 err_rel: 1.345e-03
"ee12|233|44|e5|55|e|": 	(-0.0041520121684331945, 7.4015721164753808e-07), 	# 0.388097458356, 	3/2 	 err_rel: 1.783e-04
"e112|23|44|e44||": 	(-0.011979548168531865, 9.649088748860152e-08), 	# 0.178776098706, 	1/4 	 err_rel: 8.055e-06
"ee12|233|34|4|ee|": 	(-0.0058544861438136198, 1.452542743552071e-08), 	# 0.440797049485, 	3/2 	 err_rel: 2.481e-06
"ee11|23|e45|445|5|e|": 	(0.022392791377709498, 1.3353097340804085e-08), 	# 0.383792309541, 	3 	 err_rel: 5.963e-07
"ee12|223|3|ee|": 	(0.088295069314613506, 7.6356131458027346e-09), 	# 0.650899895111, 	3/4 	 err_rel: 8.648e-08
"ee12|e23|34|45|55|e|": 	(-6.0161189406734636e-06, 7.9379297679850469e-07), 	# 0.289925311802, 	6 	 err_rel: 1.319e-01
"ee11|23|344|55|e5|e|": 	(-0.0043764792580262002, 1.7955974611092546e-08), 	# 0.45917168229, 	3/4 	 err_rel: 4.103e-06
"ee12|e34|355|45|e5||": 	(-0.0071078296564707063, 1.0805748451368807e-06), 	# 0.259069735736, 	6 	 err_rel: 1.520e-04
"ee12|e23|45|e45|55||": 	(-0.0010528249291979763, 1.0933325498451477e-06), 	# 0.281618395537, 	3 	 err_rel: 1.038e-03
"ee11|22|33|44|ee|": 	(-1.0, 0.0), 	# 1.0, 	3/16 	 err_rel: 0.000e+00
"e123|224|5|445|5|e|": 	(0.00075297094267916687, 7.6779304256118563e-07), 	# 0.0900947241936, 	1/4 	 err_rel: 1.020e-03
"e112|33|e44|44||": 	(-0.034943682510960056, 1.5673662391628069e-07), 	# 0.184808924544, 	1/16 	 err_rel: 4.485e-06
"e112|e3|445|455|e|e|": 	(0.0030042663880026632, 1.6423514302189815e-06), 	# 0.391199741563, 	3/2 	 err_rel: 5.467e-04
"ee11|23|445|445||ee|": 	(0.0075477940865871229, 2.4994418002234016e-08), 	# 0.48712946946, 	3/8 	 err_rel: 3.311e-06
"ee11|23|e44|555|e5||": 	(0.0070586197717400012, 7.2322098614462229e-10), 	# 0.00555537183738, 	1/2 	 err_rel: 1.025e-07
"ee12|345|345|e4|5|e|": 	(-0.070905014574120018, 1.0952069524083725e-06), 	# 0.191903524206, 	3 	 err_rel: 1.545e-05
"e112|23|44|455|5|e|": 	(0.0023644933573970517, 1.9305395499141597e-06), 	# 0.16667869271, 	1/8 	 err_rel: 8.165e-04
"e112|e3|344|44||": 	(0.00012445815936, 2.8265665834027258e-07), 	# 0.0001529916672, 	1/8 	 err_rel: 2.271e-03
"ee11|ee|": 	(1.0, 0.0), 	# 1.0, 	3/2 	 err_rel: 0.000e+00
"e112|23|33|e|": 	(0.022550705705037616, 2.9224661831190099e-09), 	# 0.172570656657, 	1/4 	 err_rel: 1.296e-07
"e123|224|4|555|e5||": 	(0.00010110315843615841, 7.8008474710391919e-07), 	# -0.0004155465312, 	1/24 	 err_rel: 7.716e-03
"ee11|23|344|45|5|ee|": 	(0.0058544861438136198, 2.0084953886986591e-08), 	# 0.440797049485, 	3/2 	 err_rel: 3.431e-06
"e112|33|445|e5|55||": 	(-3.6107662080000157e-05, 2.156572584549875e-06), 	# -0.000808010304, 	1/16 	 err_rel: 5.973e-02
"e112|34|e34|44||": 	(-0.0010787325102720215, 1.8537643979374924e-07), 	# 0.117377873687, 	1/4 	 err_rel: 1.718e-04
"e112|e3|e44|455|5|e|": 	(0.0054552793983624337, 8.8935029972281708e-07), 	# 0.431263711382, 	3 	 err_rel: 1.630e-04
"e112|e3|e45|e45|55||": 	(0.0003640394053714413, 1.2301072135172401e-06), 	# 0.360985529882, 	3/2 	 err_rel: 3.379e-03
"e123|e23|33||": 	(0.00078011979713760865, 1.9747924307820801e-09), 	# 0.10803740729, 	1/4 	 err_rel: 2.531e-06
"ee12|334|455|55|ee||": 	(-0.0042765449546392498, 3.3230445931276138e-08), 	# 0.390252838702, 	3/16 	 err_rel: 7.770e-06
"ee12|e23|44|e55|55||": 	(-0.0041520541904596087, 2.5206091448843488e-06), 	# 0.388097415917, 	3/2 	 err_rel: 6.071e-04
"e112|e3|e44|e55|55||": 	(0.039175496325440595, 8.6177212870522582e-07), 	# 0.514698888235, 	3/4 	 err_rel: 2.200e-05
"e123|e23|45|45|55||": 	(-0.00031000843102041323, 7.6898527938628147e-07), 	# 0.050165832432, 	1/8 	 err_rel: 2.481e-03
"e112|34|e34|e4|e|": 	(-0.079883293841180036, 1.2359072603043482e-08), 	# 0.320802340773, 	6 	 err_rel: 1.547e-07
"e112|e3|444|555|5||": 	(-2.2927708799999999e-05, 4.819392e-07), 	# -2.29277088e-05, 	1/72 	 err_rel: 2.102e-02
"e112|34|355|45|e5||": 	(0.0008136257887564523, 5.9663346990634378e-07), 	# 0.0883917481224, 	1/2 	 err_rel: 7.333e-04
"e123|e24|35|45|e5|e|": 	(0.16740525044381999, 1.6173972912043539e-06), 	# 0.167405250444, 	12 	 err_rel: 9.662e-06
"ee11|22|34|e55|e55||": 	(0.096438736662120217, 1.9121460449504259e-08), 	# 0.659043562459, 	3/8 	 err_rel: 1.983e-07
"ee11|22|33|45|e55|e|": 	(0.21869758710180021, 8.273053905944687e-09), 	# 0.781302412898, 	3/8 	 err_rel: 3.783e-08
"e123|e45|344|55|5||": 	(0.00040844081513521924, 7.5707869423974201e-07), 	# 0.059686129872, 	1/8 	 err_rel: 1.854e-03
"e112|33|344|5|55|e|": 	(0.0057890255870732821, 2.8213858782045996e-06), 	# 0.178905947558, 	1/16 	 err_rel: 4.874e-04
"e112|23|44|e55|55||": 	(0.0078676717829247456, 1.9887647964006298e-06), 	# 0.179985399456, 	1/8 	 err_rel: 2.528e-04
"e112|33|e44|e5|55|e|": 	(0.039175696564613727, 2.5509499761689167e-07), 	# 0.514699088181, 	3/8 	 err_rel: 6.512e-06
"ee12|233|34|5|e55|e|": 	(0.0024979259559612665, 5.3427574968538967e-08), 	# 0.374389043019, 	3 	 err_rel: 2.139e-05
"ee11|23|445|455|e|e|": 	(0.0054785030176537353, 1.7880177187595205e-08), 	# 0.449316700015, 	3/4 	 err_rel: 3.264e-06
"e123|234|45|55|e5||": 	(0.0025797352555706511, 4.9059364291753153e-07), 	# 0.0580994313696, 	1/2 	 err_rel: 1.902e-04
"ee12|223|4|e45|55|e|": 	(0.0018559000068104695, 1.8550404063732708e-08), 	# 0.400895605396, 	3 	 err_rel: 9.995e-06
"ee12|e33|344|4|e|": 	(-0.0067143613388894741, 1.064349221422389e-08), 	# 0.488684862432, 	3 	 err_rel: 1.585e-06
"e112|34|335|4|55|e|": 	(-0.00019939939034951948, 1.3810551252535771e-06), 	# 0.126475368336, 	1/8 	 err_rel: 6.926e-03
"ee12|233|45|e4|55|e|": 	(-0.00064759878052222941, 1.6975233425970513e-06), 	# 0.335774982649, 	3 	 err_rel: 2.621e-03
"ee12|233|45|44|5|ee|": 	(0.0011807184099735801, 3.024193304320344e-08), 	# 0.337066616793, 	3/4 	 err_rel: 2.561e-05
"ee12|334|355|e|e55||": 	(0.0018866562973269829, 1.4062364816810927e-06), 	# 0.37442616227, 	3/2 	 err_rel: 7.454e-04
"e112|e2|34|e44|e|": 	(-0.047828634604149434, 4.0007372874388607e-09), 	# 0.610433460401, 	3/4 	 err_rel: 8.365e-08
"ee11|23|ee4|455|55||": 	(0.0031925882563200031, 7.1151304021781646e-10), 	# 0.0220353949619, 	3/4 	 err_rel: 2.229e-07
"e112|33|444|e4||": 	(-0.00053894298815999994, 2.5557322838951659e-08), 	# -0.00051040948032, 	1/24 	 err_rel: 4.742e-05
"e112|e3|e33|e|": 	(0.096438736717893492, 7.2406198792092377e-09), 	# 0.659043562514, 	3/2 	 err_rel: 7.508e-08
"ee12|234|35|e4|55|e|": 	(0.012402887685579983, 1.484349134346651e-06), 	# 0.24514286453, 	6 	 err_rel: 1.197e-04
"ee12|e33|445|55|e5||": 	(0.005455189389951598, 4.1552804846161424e-07), 	# 0.431263622604, 	3/2 	 err_rel: 7.617e-05
"e123|245|45|445||e|": 	(-0.00016990677642933841, 5.6614096648355557e-07), 	# 0.0553497893376, 	1/4 	 err_rel: 3.332e-03
"ee11|23|e44|e55|55||": 	(0.057079669694640511, 2.2991455467490527e-08), 	# 0.576143778986, 	3/8 	 err_rel: 4.028e-07
"ee11|22|34|e44|e|": 	(-0.21869758710179998, 5.6515717372229976e-09), 	# 0.781302412898, 	3/4 	 err_rel: 2.584e-08
"ee12|e23|e4|455|55||": 	(-0.00024203879740000017, 8.4590054977851868e-08), 	# 0.0225472430072, 	3/2 	 err_rel: 3.495e-04
"ee12|334|355|4|e5|e|": 	(0.0028557573997877173, 1.2382887562569948e-06), 	# 0.3155245763, 	3 	 err_rel: 4.336e-04
"ee12|e34|345|e5|55||": 	(0.0085908420129593016, 5.103596269886307e-07), 	# 0.251014644876, 	6 	 err_rel: 5.941e-05
"e123|e45|e45|e45|5||": 	(0.16128237926940001, 1.3549665910612845e-06), 	# 0.161282379269, 	2 	 err_rel: 8.401e-06
"e123|e23|45|45|e5|e|": 	(0.16748868458752, 3.2928464099452864e-06), 	# 0.167488684588, 	3/2 	 err_rel: 1.966e-05
"ee12|e23|34|44|e|": 	(0.0013609711510004785, 9.2714856054625949e-09), 	# 0.407546072069, 	6 	 err_rel: 6.812e-06
"e112|23|45|e45|55||": 	(-0.00010193769701447985, 9.0956222885159923e-07), 	# 0.117051330264, 	1/4 	 err_rel: 8.923e-03
"e112|33|444|55|5|e|": 	(0.00076303251072000011, 2.0145300253442947e-06), 	# -0.000810996192, 	1/48 	 err_rel: 2.640e-03
"e123|e45|e45|445||e|": 	(-0.074326004996440015, 3.5284299631102442e-06), 	# 0.188482533784, 	3/2 	 err_rel: 4.747e-05
"ee12|233|44|e4|e|": 	(0.0043764792580264222, 1.1934127208760038e-08), 	# 0.45917168229, 	3/2 	 err_rel: 2.727e-06
"ee12|e22|e|": 	(-0.21869758710180009, 2.1360933333333331e-09), 	# 0.781302412898, 	3 	 err_rel: 9.767e-09
"ee12|e34|335|4|55|e|": 	(3.2231043199160148e-05, 5.3810650963059611e-07), 	# 0.30126547, 	3 	 err_rel: 1.670e-02
"e112|34|334|4|e|": 	(-0.0020688741139161561, 1.5755740440221563e-07), 	# 0.123672214378, 	1/2 	 err_rel: 7.616e-05
"ee12|345|345|ee|55||": 	(-0.0055732014069623248, 3.4536251154555802e-08), 	# 0.292660934074, 	3/8 	 err_rel: 6.197e-06
"e112|33|e45|45|e5|e|": 	(0.028703666204340006, 5.2928791454090371e-06), 	# 0.269622713136, 	3 	 err_rel: 1.844e-04
"e112|34|e35|e5|e55||": 	(0.021371036118180087, 3.8318097352566253e-06), 	# 0.26229008305, 	6 	 err_rel: 1.793e-04
"ee11|23|334|5|e55|e|": 	(0.034009983318176396, 1.6599255651907017e-08), 	# 0.542459696013, 	3/4 	 err_rel: 4.881e-07
"e123|e23|44|55|55||": 	(-0.0016534162278158404, 1.3977613860465662e-06), 	# 0.0674633970432, 	1/16 	 err_rel: 8.454e-04
"e112|e3|e44|555|e5||": 	(0.0047213541647600013, 3.6334845800848198e-07), 	# 0.0032181062304, 	1/2 	 err_rel: 7.696e-05
"ee12|234|35|45|e5|e|": 	(-0.061123196972760002, 1.4414410509960814e-06), 	# 0.201685341807, 	6 	 err_rel: 2.358e-05
"e112|33|e45|45|55||": 	(0.0011935601285756707, 1.2934379710622215e-06), 	# 0.121366125437, 	1/8 	 err_rel: 1.084e-03
"ee12|234|35|ee|555||": 	(-0.00046380448348000251, 2.8271199134101119e-09), 	# 0.0129040739683, 	1/4 	 err_rel: 6.095e-06
"ee12|e33|e44|44||": 	(-0.0570796696946404, 1.3274123003216947e-08), 	# 0.576143778986, 	3/4 	 err_rel: 2.326e-07
"ee12|334|455|e5|e5||": 	(0.0090941733232278166, 1.6954075309311477e-06), 	# 0.311908009948, 	3 	 err_rel: 1.864e-04
"e112|34|e33|5|555||": 	(0.00011304753905810614, 1.2469702756383487e-06), 	# 0.0019429007328, 	1/24 	 err_rel: 1.103e-02
"ee12|e33|444|e4||": 	(-0.0070586197717400012, 4.1755183103418432e-10), 	# 0.00555537183738, 	1 	 err_rel: 5.915e-08
"ee12|e34|e34|55|55||": 	(-0.0050863308581101108, 7.4875697048153453e-07), 	# 0.297729471172, 	3/4 	 err_rel: 1.472e-04
"e123|e23|34|5|555||": 	(-1.8610850988372705e-05, 6.30980781429537e-07), 	# 0.0020532337488, 	1/12 	 err_rel: 3.390e-02
"e112|34|334|5|55|e|": 	(0.0020260423328122279, 1.3975981331369761e-06), 	# 0.126441343565, 	1/8 	 err_rel: 6.898e-04
"e112|34|335|5|e55||": 	(0.00082261954538204174, 1.0302857488837191e-06), 	# 0.126528601104, 	1/4 	 err_rel: 1.252e-03
"ee12|ee3|334|5|555||": 	(-6.0887362559999995e-05, 1.3276800000000001e-09), 	# -6.088736256e-05, 	1/4 	 err_rel: 2.181e-05
"ee12|e33|344|5|55|e|": 	(-0.00068256067974847845, 6.8351947010736588e-07), 	# 0.397367898307, 	3/2 	 err_rel: 1.001e-03
"ee12|e23|44|e44||": 	(0.0043764789310197783, 1.1925517018741322e-08), 	# 0.459171681907, 	3 	 err_rel: 2.725e-06
"e112|33|e33||": 	(0.048112029686340013, 3.4059774549459369e-09), 	# 0.176400020064, 	1/8 	 err_rel: 7.079e-08
"ee12|e34|334|4|e|": 	(-0.022392791377709498, 9.1691391355350312e-09), 	# 0.383792309541, 	6 	 err_rel: 4.095e-07
"ee12|e34|335|e|555||": 	(0.00026920012952000045, 6.6431928101255654e-08), 	# 0.00620151538824, 	1 	 err_rel: 2.468e-04
"ee11|22|34|445|5|ee|": 	(0.088295069314613617, 1.8055082710131484e-08), 	# 0.650899895111, 	3/8 	 err_rel: 2.045e-07
"ee12|333|444|5|5|ee|": 	(0.00057152405376000004, 1.0707840000000001e-08), 	# 0.00057152405376, 	1/24 	 err_rel: 1.874e-05
"ee12|e23|34|55|e55||": 	(-0.00053141632596839794, 1.9316104765341345e-06), 	# 0.324455584789, 	3 	 err_rel: 3.635e-03
"ee12|223|4|445|5|ee|": 	(0.012637161404488347, 2.1287299669457608e-08), 	# 0.447721788296, 	3/8 	 err_rel: 1.685e-06
}
