{
"ee12-334-345-e-55-e-": 	(2.6592844582868467, 4.0999999999999999e-07), 	# 0.04081967, 	3 	 err_rel: 1.542e-07
"e123-e24-e5-e45-55--": 	(-1.1260725288037441, 9.5000000000000005e-06), 	# 0.0540164, 	6 	 err_rel: 8.436e-06
"ee11-23-344-45-5-ee-": 	(-2.3449692600000001, 1.1054863183232978e-06), 	# 0.22039868, 	3/2 	 err_rel: 4.714e-07
"e123-e23-33--": 	(-0.11337822188460162, 4.0000000000000001e-08), 	# 0.00900313, 	1/4 	 err_rel: 3.528e-07
"e112-23-e4-444--": 	(-0.00010180128972000002, 0.0), 	# 1.91e-05, 	1/6 	 err_rel: 0.000e+00
"ee12-234-35-ee-555--": 	(-0.0053727000000000011, 0.0), 	# 0.00013442, 	1/4 	 err_rel: 0.000e+00
"ee12-e33-344-5-55-e-": 	(4.6790418471902324, 2.4999999999999999e-07), 	# 0.02483548, 	3/2 	 err_rel: 5.343e-08
"ee12-e34-555-e44-5--": 	(-0.0058033114813399993, 0.0), 	# 0.0002865, 	1 	 err_rel: 0.000e+00
"e112-e3-e44-e44--": 	(4.6929090999999996, 1.44e-06), 	# 0.14403658, 	3/2 	 err_rel: 3.068e-07
"ee12-e34-335-e-555--": 	(-0.0025118100000000006, 0.0), 	# 0.0005168, 	1 	 err_rel: 0.000e+00
"ee12-e33-445-e5-55--": 	(-0.0016280600000000006, 2.8284271247461904e-08), 	# 0.00127738, 	3/2 	 err_rel: 1.737e-05
"e112-23-44-e44--": 	(0.18485927737810559, 2e-08), 	# 0.00186224, 	1/4 	 err_rel: 1.082e-07
"e123-e24-34-44--": 	(0.11732135103887043, 2e-08), 	# 0.00157429, 	1/2 	 err_rel: 1.705e-07
"ee11-23-e45-e45-55--": 	(3.4922917294488363, 1.02e-06), 	# 0.10233919, 	3/4 	 err_rel: 2.921e-07
"e112-34-e35-45-55--": 	(-0.14018118952206604, 0.0), 	# -0.0, 	1/2 	 err_rel: 0.000e+00
"ee11-22-34-445-5-ee-": 	(-3.1996395800000004, 9.3059120993054734e-07), 	# 0.4881749, 	3/8 	 err_rel: 2.908e-07
"ee12-333-444-5-5-ee-": 	(1.9800000000000001e-06, 0.0), 	# 1.98e-06, 	1/24 	 err_rel: 0.000e+00
"e112-e3-344-44--": 	(0.0, 0.0), 	# 8e-07, 	1/8 	 err_rel: 0.000e+00
"ee12-334-355-5-ee5--": 	(3.2704755569525594, 1.1045361017187261e-07), 	# 0.0212144, 	3/4 	 err_rel: 3.377e-08
"ee11-22-34-e55-e55--": 	(-3.1935318000000006, 4.9300000000000002e-06), 	# 0.49428268, 	3/8 	 err_rel: 1.544e-06
"ee12-233-34-5-e55-e-": 	(1.766939738286847, 4.7265209192385894e-07), 	# 0.09359722, 	3 	 err_rel: 2.675e-07
"e112-34-e34-e4-e-": 	(0.24091905000000002, 3.2259107241211742e-06), 	# 0.64160465, 	6 	 err_rel: 1.339e-05
"ee12-234-35-e4-55-e-": 	(-0.33594506000000002, 1.1599999999999999e-06), 	# 0.06128572, 	6 	 err_rel: 3.453e-06
"ee12-e23-44-455-5-e-": 	(3.1441934482868463, 4.2e-07), 	# 0.04197186, 	3 	 err_rel: 1.336e-07
"ee12-e33-e33--": 	(-3.1935318000000006, 4.9300000000000002e-06), 	# 0.49428268, 	3/2 	 err_rel: 1.544e-06
"ee12-e33-445-55-e5--": 	(3.5515050671902326, 2.7000000000000001e-07), 	# 0.02695398, 	3/2 	 err_rel: 7.602e-08
"ee11-23-445-455-e-e-": 	(-2.3431206200000005, 1.1253888216967503e-06), 	# 0.2246584, 	3/4 	 err_rel: 4.803e-07
"ee11-22-ee-": 	(-1.0, 1.4142135623730951e-15), 	# 1.0, 	3/4 	 err_rel: 1.414e-15
"ee12-333-445-5-e5-e-": 	(-0.0058033114813399993, 1.4142135623730952e-08), 	# 0.0002865, 	1 	 err_rel: 2.437e-06
"ee12-334-455-55-ee--": 	(-9.0978704199999996, 2.9999999999999997e-08), 	# 0.0060977, 	3/16 	 err_rel: 3.297e-09
"ee12-233-45-45-e5-e-": 	(-0.36755114, 6.3e-07), 	# 0.02967964, 	3 	 err_rel: 1.714e-06
"ee12-233-44-e4-e-": 	(2.2332554200000008, 1.1400000000000001e-06), 	# 0.1147932, 	3/2 	 err_rel: 5.105e-07
"ee12-234-35-45-e5-e-": 	(-0.21238759000000001, 2.4899999999999999e-06), 	# 0.05042091, 	6 	 err_rel: 1.172e-05
"ee12-234-34-e4-e-": 	(-0.24437386999999997, 1.5600000000000001e-06), 	# 0.15631173, 	3 	 err_rel: 6.384e-06
"e112-e3-e44-e55-55--": 	(-5.9699924299999996, 1.6e-07), 	# 0.01608435, 	3/4 	 err_rel: 2.680e-08
"e112-e3-344-55-e5-e-": 	(3.8164644477240319, 2.7000000000000001e-07), 	# 0.0248355, 	3/2 	 err_rel: 7.075e-08
"ee11-23-ee4-444--": 	(-0.0031535000000000001, 2.9999999999999997e-08), 	# 0.0031535, 	1/2 	 err_rel: 9.513e-06
"e112-33-e45-45-e5-e-": 	(-0.84882052999999991, 7.7700000000000001e-06), 	# 0.03370317, 	3 	 err_rel: 9.154e-06
"ee11-23-e44-555-e5--": 	(0.0013017, 1e-08), 	# 0.0018518, 	1/2 	 err_rel: 7.682e-06
"e112-22-e-": 	(-0.056749040000000008, 1.8e-07), 	# 0.0196748, 	1/4 	 err_rel: 3.172e-06
"ee12-e34-e35-45-55--": 	(6.1959295443150912, 3.3000000000000002e-07), 	# 0.03348111, 	3 	 err_rel: 5.326e-08
"e111-e-": 	(0.038211920000000003, 1.4142135623730952e-08), 	# 0.03821192, 	1/6 	 err_rel: 3.701e-07
"ee11-ee-": 	(1.0, 1.0000000000000001e-15), 	# 1.0, 	3/2 	 err_rel: 1.000e-15
"ee11-23-445-445--ee-": 	(-6.4716050200000002, 3.0149626863362671e-07), 	# 0.06089122, 	3/8 	 err_rel: 4.659e-08
"e123-e24-34-e4-e-": 	(0.2628085, 1.3164345787011219e-06), 	# 0.2628085, 	3 	 err_rel: 5.009e-06
"ee11-22-33-44-ee-": 	(-1.0, 2.0000000000000002e-15), 	# 1.0, 	3/16 	 err_rel: 2.000e-15
"ee12-334-344-5-5-ee-": 	(-1.4352305000000005, 5.0990195135927845e-08), 	# 0.01010198, 	3/8 	 err_rel: 3.553e-08
"ee12-e34-355-45-e5--": 	(4.4942042468492751, 1.1400000000000001e-06), 	# 0.06476744, 	6 	 err_rel: 2.537e-07
"ee11-23-334-5-e55-e-": 	(0.30902254972441812, 1.3599999999999999e-06), 	# 0.13561504, 	3/4 	 err_rel: 4.401e-06
"ee11-22-33-44-55-ee-": 	(1.0, 2.2360679774997898e-15), 	# 1.0, 	3/32 	 err_rel: 2.236e-15
"e112-34-334-4-e-": 	(0.22140600787510242, 2.9999999999999997e-08), 	# 0.00257649, 	1/2 	 err_rel: 1.355e-07
"ee11-23-e34-e5-555--": 	(-0.0011768100000000004, 2e-08), 	# 0.00433031, 	1/2 	 err_rel: 1.700e-05
"ee12-e33-e34-5-555--": 	(-0.0077146414813400004, 0.0), 	# 0.00085368, 	1 	 err_rel: 0.000e+00
"ee12-e34-e34-55-55--": 	(8.7979879243804646, 8.9999999999999999e-08), 	# 0.00930403, 	3/4 	 err_rel: 1.023e-08
"ee12-334-355-e-e55--": 	(-2.5638532099999995, 2.2999999999999999e-07), 	# 0.02340163, 	3/2 	 err_rel: 8.971e-08
"e123-e23-45-45-e5-e-": 	(0.01046804, 2.4999999999999999e-07), 	# 0.01046804, 	3/2 	 err_rel: 2.388e-05
"ee12-e33-345-4-55-e-": 	(6.0015375157526618, 4.4000000000000002e-07), 	# 0.04386959, 	3 	 err_rel: 7.331e-08
"ee12-e23-e4-455-55--": 	(-0.0064532600000000006, 1e-08), 	# 0.0014092, 	3/2 	 err_rel: 1.550e-06
"ee12-e23-34-45-55-e-": 	(4.4781644768492752, 7.1999999999999999e-07), 	# 0.07248133, 	6 	 err_rel: 1.608e-07
"ee12-334-344-e-e-": 	(2.3431206200000005, 1.1253888216967503e-06), 	# 0.2246584, 	3/2 	 err_rel: 4.803e-07
"ee12-334-345-5-e5-e-": 	(-0.33975222000000005, 1.02e-06), 	# 0.05747856, 	6 	 err_rel: 3.002e-06
"e112-34-e34-44--": 	(0.1766330512132912, 1e-08), 	# 0.00122268, 	1/4 	 err_rel: 5.661e-08
"ee12-233-45-44-5-ee-": 	(-1.4341217300000002, 1.1045361017187261e-07), 	# 0.02106665, 	3/4 	 err_rel: 7.702e-08
"e112-e3-345-45-e5-e-": 	(-0.66164850880374393, 7.0999999999999998e-07), 	# 0.0331475, 	3 	 err_rel: 1.073e-06
"ee12-e23-44-555-e5--": 	(-0.0025739300000000003, 2.8284271247461904e-08), 	# 0.00045468, 	1 	 err_rel: 1.099e-05
"e112-e3-e34-45-55-e-": 	(5.5567213462864622, 8.8000000000000004e-07), 	# 0.08773924, 	6 	 err_rel: 1.584e-07
"ee12-234-34-e5-55-e-": 	(-0.36621319000000002, 4.7999999999999996e-07), 	# 0.03101759, 	3 	 err_rel: 1.311e-06
"ee12-e33-344-4-e-": 	(-1.1772653497244177, 2.4418230894149558e-06), 	# 0.48868488, 	3 	 err_rel: 2.074e-06
"ee11-22-34-ee5-555--": 	(0.0031535000000000001, 2.9999999999999997e-08), 	# 0.0031535, 	1/4 	 err_rel: 9.513e-06
"ee12-233-45-e4-55-e-": 	(2.7703018682868463, 4.4999999999999998e-07), 	# 0.04197188, 	3 	 err_rel: 1.624e-07
"e112-23-e4-e55-e55--": 	(2.6010894071902326, 5.4000000000000002e-07), 	# 0.05390792, 	3 	 err_rel: 2.076e-07
"ee11-22-34-e45-55-e-": 	(-1.9783263599999996, 1.384e-05), 	# 1.70948812, 	3/2 	 err_rel: 6.996e-06
"e112-34-e35-e4-55-e-": 	(-0.84973748999999998, 5.0300000000000001e-06), 	# 0.03278621, 	3 	 err_rel: 5.919e-06
"ee11-22-33-ee-": 	(1.0, 1.7320508075688773e-15), 	# 1.0, 	3/8 	 err_rel: 1.732e-15
"ee11-23-e44-455-5-e-": 	(1.1772653497244177, 2.4418230894149558e-06), 	# 0.48868488, 	3/2 	 err_rel: 2.074e-06
"ee12-223-4-e45-55-e-": 	(4.5840294755149884, 4.9999999999999998e-07), 	# 0.05011193, 	3 	 err_rel: 1.091e-07
"e123-e24-55-e45-e5--": 	(-0.23808563999999999, 9.5000000000000001e-07), 	# 0.02472286, 	3 	 err_rel: 3.990e-06
"e112-33-444-e4--": 	(-2.5799999999999999e-06, 0.0), 	# -1.78e-06, 	1/24 	 err_rel: 0.000e+00
"ee11-23-444-455--ee-": 	(0.0031535000000000001, 2.9999999999999997e-08), 	# 0.0031535, 	1/8 	 err_rel: 9.513e-06
"ee12-334-334--ee-": 	(6.471605020000001, 3.0149626863362671e-07), 	# 0.06089122, 	3/8 	 err_rel: 4.659e-08
"ee11-23-e45-445-5-e-": 	(2.4973630597244179, 3.8399999999999997e-06), 	# 0.38379261, 	3 	 err_rel: 1.538e-06
"e123-e45-e45-e45-5--": 	(0.013440199999999999, 1.4999999999999999e-07), 	# 0.0134402, 	2 	 err_rel: 1.116e-05
"ee11-23-e33-e-": 	(-1.3439072400000001, 3.000000000000009e-08), 	# 2.34390724, 	3/2 	 err_rel: 2.232e-08
"e112-e3-e45-e45-55--": 	(9.5419334129517921, 2.2999999999999999e-07), 	# 0.02256159, 	3/2 	 err_rel: 2.410e-08
"ee11-23-345-45-e5-e-": 	(0.24437386999999997, 1.5600000000000001e-06), 	# 0.15631173, 	3/2 	 err_rel: 6.384e-06
"ee12-e23-45-445-5-e-": 	(4.4965155668492756, 9.5999999999999991e-07), 	# 0.06707876, 	6 	 err_rel: 2.135e-07
"ee11-23-e34-55-e55--": 	(-2.3480488600000005, 2.2900000000000001e-06), 	# 0.22958606, 	3/2 	 err_rel: 9.753e-07
"ee12-ee3-334-5-555--": 	(-1.26e-06, 0.0), 	# -1.26e-06, 	1/4 	 err_rel: 0.000e+00
"e112-e2-34-e55-e55--": 	(4.2918105071902328, 1.1555472207476768e-05), 	# 1.15855275226, 	3/4 	 err_rel: 2.692e-06
"e112-e3-333--": 	(3.9999999999999998e-07, 0.0), 	# 4e-07, 	1/12 	 err_rel: 0.000e+00
"ee12-345-345-e4-5-e-": 	(-0.23882056000000002, 5.4000000000000002e-07), 	# 0.02398794, 	3 	 err_rel: 2.261e-06
"ee12-e34-355-e4-55--": 	(6.1156196971902332, 3.5999999999999999e-07), 	# 0.03642335, 	3 	 err_rel: 5.887e-08
"ee12-e34-345-45-5-e-": 	(-0.64261282880374393, 5.2e-07), 	# 0.05218318, 	6 	 err_rel: 8.092e-07
"ee12-334-355-4-e5-e-": 	(2.7915242182868467, 3.9000000000000002e-07), 	# 0.03944057, 	3 	 err_rel: 1.397e-07
"e112-33-e33--": 	(0.062961370000000016, 4.0000000000000001e-08), 	# 0.00735001, 	1/8 	 err_rel: 6.353e-07
"e123-e23-e3-e-": 	(0.40068559999999998, 1.9502820308868151e-06), 	# 0.4006856, 	1 	 err_rel: 4.867e-06
"e112-e3-445-455-e-e-": 	(3.7062137277240321, 2.3999999999999998e-07), 	# 0.02444998, 	3/2 	 err_rel: 6.476e-08
"ee12-e33-e45-45-55--": 	(9.5419356418841907, 2.2999999999999999e-07), 	# 0.02256158, 	3/2 	 err_rel: 2.410e-08
"e123-e23-e4-e5-555--": 	(0.00016477000000000001, 4.9999999999999998e-08), 	# 0.00016477, 	1 	 err_rel: 3.035e-04
"ee12-233-44-45-5-ee-": 	(-1.215068760000001, 5.0990195135927845e-08), 	# 0.01053332, 	3/8 	 err_rel: 4.196e-08
"e123-e45-e45-445--e-": 	(-0.25102834000000002, 2.9999999999999999e-07), 	# 0.01178016, 	3/2 	 err_rel: 1.195e-06
"ee12-e34-e34-44--": 	(-3.4922917294488354, 1.02e-06), 	# 0.10233919, 	3/2 	 err_rel: 2.921e-07
"ee12-e34-334-4-e-": 	(-2.4973630597244179, 3.8399999999999997e-06), 	# 0.38379261, 	6 	 err_rel: 1.538e-06
"e112-34-e35-45-e5-e-": 	(-0.2628085, 0.0), 	# -0.0, 	12 	 err_rel: 0.000e+00
"ee11-22-34-e44-e-": 	(1.3439072400000001, 3.0000000000000183e-08), 	# 2.34390724, 	3/4 	 err_rel: 2.232e-08
"ee12-e33-e44-55-55--": 	(-5.9780343000000009, 8.0000000000000002e-08), 	# 0.00804218, 	3/8 	 err_rel: 1.338e-08
"ee11-23-e34-44-e-": 	(1.9783263600000001, 1.384e-05), 	# 1.70948812, 	3 	 err_rel: 6.996e-06
"ee12-e23-34-55-e55--": 	(6.0722459771902333, 5.0999999999999999e-07), 	# 0.04055695, 	3 	 err_rel: 8.399e-08
"e112-e3-e44-555-e5--": 	(-0.00041602000000000002, 1.4142135623730952e-08), 	# 0.00013408, 	1/2 	 err_rel: 3.399e-05
"ee12-e23-44-e55-55--": 	(-2.5728545500000002, 2.3999999999999998e-07), 	# 0.02425609, 	3/2 	 err_rel: 9.328e-08
"ee12-e33-444-e4--": 	(-0.0013017, 1e-08), 	# 0.0018518, 	1 	 err_rel: 7.682e-06
"ee12-223-3-ee-": 	(-3.1996395800000004, 9.3059120993054734e-07), 	# 0.4881749, 	3/4 	 err_rel: 2.908e-07
"ee11-23-334-4-ee-": 	(3.1996395800000004, 9.3059120993054734e-07), 	# 0.4881749, 	3/4 	 err_rel: 2.908e-07
"e112-34-e35-e5-e55--": 	(-0.81695119000000005, 1.628e-05), 	# 0.06557251, 	6 	 err_rel: 1.993e-05
"e112-e2-34-e45-55-e-": 	(2.6586871182868452, 3.2439716740121557e-05), 	# 4.00688158116, 	3 	 err_rel: 1.220e-05
"ee11-22-33-45-e55-e-": 	(-1.3439072400000001, 3.0000000000000275e-08), 	# 2.34390724, 	3/8 	 err_rel: 2.232e-08
"ee12-334-335--e55-e-": 	(1.6131889971902336, 1.3038404810405297e-07), 	# 0.02615185, 	3/4 	 err_rel: 8.082e-08
"ee12-e23-34-e5-555--": 	(-0.0077219814813400001, 1e-08), 	# 0.00084634, 	2 	 err_rel: 1.295e-06
"e112-e2-33-45-e55-e-": 	(1.8060866697244178, 9.9443562232574812e-08), 	# 5.49390114972, 	3/8 	 err_rel: 5.506e-08
"e112-e3-334-5-e55-e-": 	(7.0086465257236501, 1.4000000000000001e-07), 	# 0.01416892, 	3/4 	 err_rel: 1.998e-08
"ee12-233-34-4-ee-": 	(2.3449692600000001, 1.1054863183232978e-06), 	# 0.22039868, 	3/2 	 err_rel: 4.714e-07
"ee12-223-4-445-5-ee-": 	(7.0309954141807021, 7.0710678118654758e-08), 	# 0.01399131, 	3/8 	 err_rel: 1.006e-08
"e112-33-e44-44--": 	(-0.063717650000000015, 0.0), 	# 0.00048127, 	1/16 	 err_rel: 0.000e+00
"e112-e3-e34-e5-555--": 	(-0.0081414814813399999, 0.0), 	# 0.00042684, 	1 	 err_rel: 0.000e+00
"ee12-e34-335-4-55-e-": 	(6.2078929277240338, 3.8000000000000001e-07), 	# 0.03765816, 	3 	 err_rel: 6.121e-08
"ee11-23-ee4-455-55--": 	(0.00079816000000000002, 2.9999999999999997e-08), 	# 0.00550884, 	3/4 	 err_rel: 3.759e-05
"e112-e2-34-e44-e-": 	(-1.8060866697244178, 9.9443562232574653e-08), 	# 5.49390114972, 	3/4 	 err_rel: 5.506e-08
"e112-e3-e34-44-e-": 	(-0.68858088972441767, 4.904538714293119e-06), 	# 0.97736992, 	6 	 err_rel: 7.123e-06
"ee12-e34-345-e5-55--": 	(4.5159441168492762, 6.3e-07), 	# 0.06275365, 	6 	 err_rel: 1.395e-07
"ee12-223-4-ee5-555--": 	(-0.0058773714813399993, 0.0), 	# 0.00021244, 	1/2 	 err_rel: 0.000e+00
"ee12-e34-335-5-e55--": 	(3.1654158182868466, 3.9000000000000002e-07), 	# 0.03944057, 	3 	 err_rel: 1.232e-07
"ee12-ee3-444-555-5--": 	(1.9800000000000001e-06, 0.0), 	# 1.98e-06, 	1/12 	 err_rel: 0.000e+00
"e123-234-34-4-e-": 	(-0.030109192184704002, 1e-08), 	# 0.00051274, 	1/6 	 err_rel: 3.321e-07
"e123-e24-35-45-e5-e-": 	(-0.0, 0.0), 	# -0.0, 	12 	 err_rel: 0.000e+00
"ee12-e33-445-45-5-e-": 	(6.0232870557526619, 4.2e-07), 	# 0.04186547, 	3 	 err_rel: 6.973e-08
"ee12-223-3-45-e55-e-": 	(4.3000187969525596, 2.1812686397876437e-06), 	# 1.1442366825, 	3/4 	 err_rel: 5.073e-07
"ee12-ee3-445-455-5--": 	(-0.015462292962679997, 1e-08), 	# 0.00087791, 	3/4 	 err_rel: 6.467e-07
"e112-23-e4-455-e5-e-": 	(2.096316406849275, 4.4999999999999998e-07), 	# 0.04548542, 	3 	 err_rel: 2.147e-07
"e112-23-45-e45-e5-e-": 	(-1.1215746988037441, 1.8539999999999999e-05), 	# 0.05851423, 	6 	 err_rel: 1.653e-05
"e112-e3-e44-455-5-e-": 	(3.0897731377240323, 5.4000000000000002e-07), 	# 0.05390797, 	3 	 err_rel: 1.748e-07
"ee12-e22-e-": 	(1.3439072400000001, 2.9999999999999997e-08), 	# 2.34390724, 	3 	 err_rel: 2.232e-08
"ee12-345-345-ee-55--": 	(8.8203539039051186, 4.9999999999999998e-08), 	# 0.00914565, 	3/8 	 err_rel: 5.669e-09
"ee12-334-455-e4-5-e-": 	(3.0509432168492752, 2.2999999999999999e-07), 	# 0.02274273, 	3/2 	 err_rel: 7.539e-08
"ee12-e23-34-44-e-": 	(-2.4736093997244173, 4.0600000000000001e-06), 	# 0.40754627, 	6 	 err_rel: 1.641e-06
"ee11-23-e44-e55-55--": 	(-4.6929095800000002, 7.1344235926947871e-07), 	# 0.1440359, 	3/8 	 err_rel: 1.520e-07
"e112-e3-e45-445-5-e-": 	(5.5764667562864627, 8.4e-07), 	# 0.08373099, 	6 	 err_rel: 1.506e-07
"e112-e3-e33-e-": 	(-3.1935312200000006, 4.9400000000000001e-06), 	# 0.49428326, 	3/2 	 err_rel: 1.547e-06
"ee11-23-344-55-e5-e-": 	(-2.2332554200000003, 1.1400000000000001e-06), 	# 0.1147932, 	3/4 	 err_rel: 5.105e-07
"ee12-e23-33-e-": 	(-1.9783263600000001, 1.384e-05), 	# 1.70948812, 	6 	 err_rel: 6.996e-06
"e112-34-e55-e45-e5--": 	(-0.86567212000000004, 5.9999999999999997e-07), 	# 0.01685158, 	3/2 	 err_rel: 6.931e-07
"e112-e3-e34-55-e55--": 	(3.7265078471902324, 4.9999999999999998e-07), 	# 0.04967098, 	3 	 err_rel: 1.342e-07
"ee12-e23-e4-444--": 	(0.0011768100000000004, 2e-08), 	# 0.00433031, 	1 	 err_rel: 1.700e-05
"ee12-ee3-344-55-55--": 	(-0.0061718000000000016, 1.4142135623730952e-08), 	# 0.00089422, 	3/8 	 err_rel: 2.291e-06
"ee12-333-345--e55-e-": 	(-0.0042380114813399998, 7.0317280840899982e-08), 	# 0.00739151148134, 	1/2 	 err_rel: 1.659e-05
"ee12-e34-355-44-5-e-": 	(8.5910073460108798, 4.0999999999999999e-07), 	# 0.04078479, 	3 	 err_rel: 4.772e-08
"ee12-234-35-44-5-ee-": 	(6.1092265569525592, 3.5999999999999999e-07), 	# 0.0363882, 	3 	 err_rel: 5.893e-08
"ee12-e34-334-5-55-e-": 	(6.0975482177240341, 3.7e-07), 	# 0.03717865, 	3 	 err_rel: 6.068e-08
"ee12-e23-44-e44--": 	(2.3480488600000005, 2.2900000000000001e-06), 	# 0.22958606, 	3 	 err_rel: 9.753e-07
"ee12-334-455-e5-e5--": 	(2.6812069482868464, 4.0999999999999999e-07), 	# 0.0389885, 	3 	 err_rel: 1.529e-07
"ee12-233-44-e5-55-e-": 	(-2.3432683599999997, 2.3999999999999998e-07), 	# 0.02425608, 	3/2 	 err_rel: 1.024e-07
"ee12-ee3-333--": 	(0.0031535000000000001, 2.9999999999999997e-08), 	# 0.0031535, 	1/2 	 err_rel: 9.513e-06
"ee12-ee3-345-45-55--": 	(-0.01348721296268, 1e-08), 	# 0.00049765, 	3/4 	 err_rel: 7.414e-07
"ee11-23-e44-e44--": 	(3.1935318000000006, 4.9300000000000002e-06), 	# 0.49428268, 	3/4 	 err_rel: 1.544e-06
"ee12-e33-e44-44--": 	(4.6929095800000002, 7.1344235926947871e-07), 	# 0.1440359, 	3/4 	 err_rel: 1.520e-07
"e112-23-33-e-": 	(-0.089463301884601582, 7.0710678118654758e-08), 	# 0.01438093, 	1/4 	 err_rel: 7.904e-07
"ee12-223-4-e44-e-": 	(-0.30902254972441767, 1.3599999999999999e-06), 	# 0.13561504, 	3/2 	 err_rel: 4.401e-06
"e112-33-e44-e5-55-e-": 	(-5.96999251, 8.06225774829855e-08), 	# 0.01608437, 	3/8 	 err_rel: 1.350e-08
"e112-34-345-e5-e5-e-": 	(-0.21097261, 6.1700000000000002e-06), 	# 0.05183589, 	6 	 err_rel: 2.925e-05
"ee12-223-4-e55-e55--": 	(3.0240829771902327, 1.4999999999999999e-07), 	# 0.01470495, 	3/4 	 err_rel: 4.960e-08
"ee12-ee3-344-44--": 	(-0.00079816000000000002, 2.9999999999999997e-08), 	# 0.00550884, 	3/4 	 err_rel: 3.759e-05
"ee11-23-e34-45-55-e-": 	(2.4736093997244173, 4.0600000000000001e-06), 	# 0.40754627, 	3 	 err_rel: 1.641e-06
"ee12-e23-45-e45-55--": 	(6.2027794240774172, 3.4999999999999998e-07), 	# 0.0352023, 	3 	 err_rel: 5.643e-08
"ee11-23-334-4-55-ee-": 	(-3.1996395799999999, 9.3059120993054734e-07), 	# 0.4881749, 	3/16 	 err_rel: 2.908e-07
"e112-23-e4-e45-55-e-": 	(2.0963164268492749, 4.4999999999999998e-07), 	# 0.04548544, 	3 	 err_rel: 2.147e-07
"e123-e23-44-44--": 	(0.24616265331811205, 0.0), 	# 0.00043215, 	1/8 	 err_rel: 0.000e+00
"e112-23-34-44-e-": 	(0.19365626675792, 2e-08), 	# 0.00172769, 	1/4 	 err_rel: 1.033e-07
"ee12-e33-444-55-5-e-": 	(-0.00048306, 0.0), 	# 6.704e-05, 	1/2 	 err_rel: 0.000e+00
"e112-34-e34-e5-55-e-": 	(-0.85013276000000004, 4.9400000000000001e-06), 	# 0.03239094, 	3 	 err_rel: 5.811e-06
"ee12-234-34-45-5-ee-": 	(0.09575051999999995, 8.0000000000000002e-08), 	# 0.00768838, 	3/4 	 err_rel: 8.355e-07
}
